node   1  (   0,    0) (   0,    0) (   0,    0) (   0,    0) (   0,    0) (   0,    0) (   0,    0) (   0,    0) (   0,    0) (   0,    0)
          (   0,    0) (   0,    0) (   0,    0) (   0,    0) (   0,    0) (   0,    0) (   0,    0) (   0,    0) (   0,    0) (   0,    0)
          (   0,    0) (   0,    0) (   0,    0) (   0,    0) (   0,    0) (   0,    0) (   0,    0) (   0,    0) (   0,    0) (   0,    0)
          (   0,    0) (   0,    0) (   0,    0) (   0,    0) (   0,    0) (   0,    0) (   0,    0) (   0,    0) (   0,    0) (   0,    0)
          (   0,    0) (   0,    0) (   0,    0) (   0,    0) (   0,    0) (   0,    0) (   0,    0) (   0,    0) (   0,    0) (   0,    0)
          (   0,    0) (   0,    0) (   0,    0) (   0,    0) (   0,    0) (   0,    0) (   0,    0) (   0,    0) (   0,    0) (   0,    0)
          (   0,    0) (   0,    0) (   0,    0) (   0,    0) (   0,    0) (   0,    0) (   0,    0) (   0,    0) (   0,    0) (   0,    0)
          (   0,    0) (   0,    0) (   0,    0) (   0,    0) (   0,    0) (   0,    0) (   0,    0) (   0,    0) (   0,    0) (   0,    0)
          (   0,    0) (   0,    0) (   0,    0) (   0,    0) (   0,    0) (   0,    0) (   0,    0) (   0,    0) (   0,    0) (   0,    0)
          (   0,    0) (   0,    0) (   0,    0) (   0,    0) (   0,    0) (   0,    0) (   0,    0) (   0,    0) (   0,    0) (   0,    0)
          (  33,    0) (  14,   14) (   0,   33) (   0,    0) (   0,    0) (   0,    0) (   0,    0) (   0,    0) (   0,    0) (   0,    0)
          (   0,    0) (   0,    0) (   0,    0) (   0,    0) (   0,    0) (   0,    0) (   0,    0) (   0,    0) (   0,    0) (   0,    0)
          (   0,    0) (   0,    0) (   0,    0) (   0,    0) (   0,    0) (   0,    0) (   0,    0) (   0,    0) (   0,    0) (   0,    0)
          (   0,    0) (   0,    0) (   0,    0) (   0,    0) (   0,    0) (   0,    0) (   0,    0) (   0,    0) (   0,    0) (   0,    0)
          (   0,    0) (   0,    0) (   0,    0) (   0,    0) (   0,    0) (   0,    0) (   0,    0) (   0,    0) (   0,    0) (   0,    0)
          (   0,    0) (   0,    0) (   0,    0) (   0,    0) (   0,    0) (   0,    0) (   0,    0) (   0,    0) (   0,    0) (   0,    0)
          (   0,    0) (   0,    0) (   0,    0) (   0,    0) (   0,    0) (   0,    0) (   0,    0) (   0,    0) (   0,    0) (   0,    0)
          (   0,    0) (   0,    0) (   0,    0) (   0,    0) (   0,    0) (   0,    0) (   0,    0) (   0,    0) (   0,    0) (   0,    0)
          (   0,    0) (   0,    0) (   0,    0) (   0,    0) (   0,    0) (   0,    0) (   0,    0) (   0,    0) (   0,    0) (   0,    0)
          (   0,    0) (   0,    0) (   0,    0) (   0,    0) (   0,    0) (   0,    0) (   0,    6) (   0,    0) (   0,    0) (   0,    0)
          (   0,    0) (   0,    0) (   0,    0) (   0,    0) (   0,    0) (   0,    0) (   0,    0) (   0,    0) (   0,    0) (   0,    0)
          (   0,    0) (   0,    0) (   0,    0) (   0,    0) (   0,    0) (   0,    0) (   0,    0) (   0,    0) (   0,    0) (   0,    0)
          (   0,    0) (   0,    0) (   0,    0) (   0,    0) (   0,    0) (   0,    0) (   0,    0) (   0,    0) (   0,    0) (   0,    0)
          (   0,    0) (   0,    0) (   0,    0) (   0,    0) (   0,    0) (   0,    0) (   0,    0) (   0,    0) (   0,    0) (   0,    0)
          (   0,    0) (   0,    0) (   0,    0) (   0,    0) (   0,    0) (   0,    0) (   0,   14) (   0,   21) (   0,    0) (   0,    0)
          (   0,    0) (   0,    0) (   0,    0) (   0,    0) (   0,    0) (   0,    0) (   0,    0) (   0,    0) (   0,    0) (   0,    0)
          (   0,    0) (   0,    0) (   0,    0) (   0,    0) (   0,    0) (   0,    0) (   0,    0) (   0,    0) (   0,    0) (   0,    0)
          (   0,    0) (   0,    0) (   0,    0) (   0,    0) (   0,    0) (   0,    0) (   1,    1) (   0,    0) (   0,    0) (   0,    0)
          (   0,    0) (   0,    0) (   0,    0) (   0,    0) (   0,    0) (   0,    0) (   2,    2) (   0,    0) (   0,    0) (   0,    0)
          (   0,    0) (   0,    0) (   0,    0) (   0,    0) (   0,    0) (   0,    0) (   0,    0) (   0,    0) (   0,    0) (   0,    0)
          (   0,    0) (   0,    0) (   0,    0) (   0,    0) (   0,    0) (   0,    0) (   0,    3) (   0,    0) (   0,    0) (   0,    0)
          (   0,    0) (   0,    0) (   0,    0) (   0,    0) (   0,    0) (   0,    0) (   0,    0) (   0,    0) (   0,    0) (   0,    0)
          (   0,    0) (   0,    0) (   0,    0) (   0,    0) (   0,    0) (   0,    0) (   0,    0) (   0,    0) (   0,    0) (   0,    0)
          (   0,    0) (   0,    0) (   0,    0) (   0,    0) (   0,    0) (   0,    0) (   0,    0) (   0,    0) (   0,    0) (   0,    0)
          (   0,    0) (   0,    0) (   0,    0) (   0,    0) (   0,    0) (   0,    0) (   0,    0) (   0,    0) (   0,    0) (   0,    0)
          (   0,    0) (   0,    0) (   0,    0) (   0,    0) (   0,    0) (   0,    0) (   0,    0) (   0,    0) (   0,    0) (   0,    0)
          (   0,    0) (   0,    0) (   0,    0) (   0,    0) (   0,    0) (   0,    0) (   0,    0) (   0,    0) (   0,    0) (   0,    0)
          (   0,    0) (   0,    0) (   0,    0) (   0,    0) (   0,    0) (   0,    0) (   0,    0) (   0,    0) (   0,    0) (   0,    0)
          (   0,    0) (   0,    0) (   0,    0) (   0,    0) (   0,    0) (   0,    0) (   0,    0) (   0,    0) (   0,    0) (   0,    0)
          (   0,    0) (   0,    0) (   0,    0) (   0,    0) (   0,    0) (   0,    0) (   0,    0) (   0,    0) (   0,    0) (   0,    0)
          (   0,    0) (   0,    0) (   0,    0) (   0,    0) (   0,    0) (   0,    0) (   0,    0) (   0,    0) (   0,    0) (   0,    0)
          (   0,    0) (   0,    0) (   0,    0) (   0,    0) (   0,    0) (   0,    0) (   0,    0) (   0,    0) (   0,    0) (   0,    0)
          (   0,    0) (   0,    0) (   0,    0) (   0,    0) (   0,    0) (   0,    0) (   0,    0) (   0,    0) (   0,    0) (   0,    0)
          (   0,    0) (   0,    0) (   0,    0) (   0,    0) (   0,    0) (   0,    0) (   0,    0) (   0,    0) (   0,    0) (   0,    0)
          (   0,    0) (   0,    0) (   0,    0) (   0,    0) (   0,    0) (   0,    0) (   0,    0) (   0,    0) (   0,    0) (   0,    0)
          (   0,    0) (   0,    0) (   0,    0) (   0,    0) (   0,    0) (   0,    0) (   0,    0) (   0,    0) (   0,    0) (   0,    0)
          (   0,    0) (   0,    0) (   0,    0) (   0,    0) (   0,    0) (   0,    0) (   0,    0) (   0,    0) (   0,    0) (   0,    0)
          (   0,    0) (   0,    0) (   0,    0) (   0,    0) (   0,    0) (   0,    0) (   0,    0) (   0,    0) (   0,    0) (   0,    0)
          (   0,    0) (   0,    0) (   0,    0) (   0,    0) (   0,    0) (   0,    0) (   0,    0) (   0,    0) (   0,    0) (   0,    0)
          (   0,    0) (   0,    0) (   0,    0) (   0,    0) (   0,    0) (   0,    0) (   0,    0) (   0,    0) (   0,    0) (   0,    0)
          (   0,    0) (   0,    0) (   0,    0) (   0,    0) (   0,    0) (   0,    0) (   0,    0) (   0,    0) (   0,    0) (   0,    0)
          (   0,    0) (   0,    0) (   0,    0) (   0,    0) (   0,    0) (   0,    0) (   0,    0) (   0,    0) (   0,    0) (   0,    0)
          (   0,    0) (   0,    0) (   0,    0) (   0,    0) (   0,    0) (   0,    0) (   0,    0) (   0,    0) (   0,    0) (   0,    0)
          (   0,    0) (   0,    0) (   0,    0) (   0,    0) (   0,    0) (   0,    0) (   0,    0) (   0,    0) (   0,    0) (   0,    0)
          (   0,    0) (   0,    0) (   0,    0) (   0,    0) (   0,    0) (   0,    0) (   0,    0) (   0,    0) (   0,    0) (   0,    0)
          (   0,    0) (   0,    0) (   0,    0) (   0,    0) (   0,    0) (   0,    0) (   0,    0) (   0,    0) (   0,    0) (   0,    0)
          (   0,    0) (   0,    0) (   0,    0) (   0,    0) (   0,    0) (   0,    0) (   0,    0) (   0,    0) (   0,    0) (   0,    0)
          (   0,    0) (   0,    0) (   0,    0) (   0,    0) (   0,    0) (   0,    0) (   0,    0) (   0,    0) (   0,    0) (   0,    0)
          (   0,    0) (   0,    0) (   0,    0) (   0,    0) (   0,    0) (   0,    0) (   0,    0) (   0,    0) (   0,    0) (   0,    0)
          (   0,    0) (   0,    0) (   0,    0) (   0,    0) (   0,    0) (   0,    0) (   0,    0) (   0,    0) (   0,    0) (   0,    0)
          (   0,    0) (   0,    0) (   0,    0) (   0,    0) (   0,    0) (   0,    0) (   0,    0) (   0,    0) (   0,    0) (   0,    0)
          (   0,    0) (   0,    0) (   0,    0) (   0,    0) (   0,    0) (   0,    0) (   0,    0) (   0,    0) (   0,    0) (   0,    0)
          (   0,    0) (   0,    0) (   0,    0) (   0,    0) (   0,    0) (   0,    0) (   0,    0) (   0,    0) (   0,    0) (   0,    0)
          (   0,    0) (   0,    0) (   0,    0) (   0,    0) (   0,    0) (   0,    0) (   0,    0) (   0,    0) (   0,    0) (   0,    0)
          (   0,    0) (   0,    0) (   0,    0) (   0,    0) (   0,    0) (   0,    0) (   0,    0) (   0,    0) (   0,    0) (   0,    0)
          (   0,    0) (   0,    0) (   0,    0) (   0,    0) (   0,    0) (   0,    0) (   0,    0) (   0,    0) (   0,    0) (   0,    0)
          (   0,    0) (   0,    0) (   0,    0) (   0,    0) (   0,    0) (   0,    0) (   0,    0) (   0,    0) (   0,    0) (   0,    0)
          (   0,    0) (   0,    0) (   0,    0) (   0,    0) (   0,    0) (   0,    0) (   0,    0) (   0,    0) (   0,    0) (   0,    0)
          (   0,    0) (   0,    0) (   0,    0) (   0,    0) (   0,    0) (   0,    0) (   0,    0) (   0,    0) (   0,    0) (   0,    0)
          (   0,    0) (   0,    0) (   0,    0) (   0,    0) (   0,    0) (   0,    0) (   0,    0) (   0,    0) (   0,    0) (   0,    0)
         
node   1 sent_total     50  recv_total     94

node   2  (   0,    0) (   0,    0) (   0,    0) (   0,    0) (   0,    0) (   0,    0) (   0,    0) (   0,    0) (   0,    0) (   0,    0)
          (   0,    0) (   0,    0) (   0,    0) (   0,    0) (   0,    0) (   0,    0) (   0,    0) (   0,    0) (   0,    0) (   0,    0)
          (   0,    0) (   0,    0) (   0,    0) (   0,    0) (   0,    0) (   0,    0) (   0,    0) (   0,    0) (   0,    0) (   0,    0)
          (   0,    0) (   0,    0) (   0,    0) (   0,    0) (   0,    0) (   0,    0) (   0,    0) (   0,    0) (   0,    0) (   0,    0)
          (   0,    0) (   0,    0) (   0,    0) (   0,    0) (   0,    0) (   0,    0) (   0,    0) (   0,    0) (   0,    0) (   0,    0)
          (   0,    0) (   0,    0) (   0,    0) (   0,    0) (   0,    0) (   0,    0) (   0,    0) (   0,    0) (   0,    0) (   0,    0)
          (   0,    0) (   0,    0) (   0,    0) (   0,    0) (   0,    0) (   0,    0) (   0,    0) (   0,    0) (   0,    0) (   0,    0)
          (   0,    0) (   0,    0) (   0,    0) (   0,    0) (   0,    0) (   0,    0) (   0,    0) (   0,    0) (   0,    0) (   0,    0)
          (   0,    0) (   0,    0) (   0,    0) (   0,    0) (   0,    0) (   0,    0) (   0,    0) (   0,    0) (   0,    0) (   0,    0)
          (   0,    0) (   0,    0) (   0,    0) (   0,    0) (   0,    0) (   0,    0) (   0,    0) (   0,    0) (   0,    0) (   0,    0)
          (  18,    0) (   6,    6) (   0,   18) (   0,    0) (   0,    0) (   0,    0) (   0,    0) (   0,    0) (   0,    0) (   0,    0)
          (   0,    0) (   0,    0) (   0,    0) (   0,    0) (   0,    0) (   0,    0) (   0,    0) (   0,    0) (   0,    0) (   0,    0)
          (   0,    0) (   0,    0) (   0,    0) (   0,    0) (   0,    0) (   0,    0) (   0,    0) (   0,    0) (   0,    0) (   0,    0)
          (   0,    0) (   0,    0) (   0,    0) (   0,    0) (   0,    0) (   0,    0) (   0,    0) (   0,    0) (   0,    0) (   0,    0)
          (   0,    0) (   0,    0) (   0,    0) (   0,    0) (   0,    0) (   0,    0) (   0,    0) (   0,    0) (   0,    0) (   0,    0)
          (   0,    0) (   0,    0) (   0,    0) (   0,    0) (   0,    0) (   0,    0) (   0,    0) (   0,    0) (   0,    0) (   0,    0)
          (   0,    0) (   0,    0) (   0,    0) (   0,    0) (   0,    0) (   0,    0) (   0,    0) (   0,    0) (   0,    0) (   0,    0)
          (   0,    0) (   0,    0) (   0,    0) (   0,    0) (   0,    0) (   0,    0) (   0,    0) (   0,    0) (   0,    0) (   0,    0)
          (   0,    0) (   0,    0) (   0,    0) (   0,    0) (   0,    0) (   0,    0) (   0,    0) (   0,    0) (   0,    0) (   0,    0)
          (   0,    0) (   0,    0) (   0,    0) (   0,    0) (   0,    0) (   0,    0) (   0,    0) (   0,    0) (   0,    0) (   0,    0)
          (   0,    0) (   0,    0) (   0,    0) (   0,    0) (   0,    0) (   0,    0) (   0,    0) (   0,    0) (   0,    0) (   0,    0)
          (   0,    0) (   0,    0) (   0,    0) (   0,    0) (   0,    0) (   0,    0) (   0,    0) (   0,    0) (   0,    0) (   0,    0)
          (   0,    0) (   0,    0) (   0,    0) (   0,    0) (   0,    0) (   3,    0) (   0,    0) (   0,    1) (   0,    0) (   0,    0)
          (   0,    0) (   0,    0) (   0,    0) (   0,    0) (   0,    0) (   0,    0) (   0,    0) (   0,    0) (   0,    0) (   0,    0)
          (   0,    0) (   0,    0) (   0,    0) (   0,    0) (   0,    0) (   0,    0) (   0,   11) (   0,   11) (   0,    0) (   0,    0)
          (   0,    0) (   0,    0) (   0,    0) (   0,    0) (   0,    0) (   0,    0) (   0,    0) (   0,    0) (   0,    0) (   0,    0)
          (   0,    0) (   0,    0) (   0,    0) (   0,    0) (   0,    0) (   0,    0) (   0,    0) (   0,    0) (   0,    0) (   0,    0)
          (   0,    0) (   0,    0) (   0,    0) (   0,    0) (   0,    0) (   0,    0) (   0,    0) (   0,    0) (   0,    0) (   0,    0)
          (   0,    0) (   0,    0) (   0,    0) (   0,    0) (   0,    0) (   0,    0) (   0,    0) (   0,    0) (   0,    0) (   0,    0)
          (   0,    0) (   0,    0) (   0,    0) (   0,    0) (   0,    0) (   0,    0) (   0,    0) (   0,    0) (   0,    0) (   0,    0)
          (   0,    0) (   0,    0) (   0,    0) (   0,    0) (   0,    0) (   0,    0) (   0,    0) (   0,    0) (   0,    0) (   0,    0)
          (   0,    0) (   0,    0) (   0,    0) (   0,    0) (   0,    0) (   0,    0) (   0,    0) (   0,    0) (   0,    0) (   0,    0)
          (   0,    0) (   0,    0) (   0,    0) (   0,    0) (   0,    0) (   0,    0) (   0,    0) (   0,    0) (   0,    0) (   0,    0)
          (   0,    0) (   0,    0) (   0,    0) (   0,    0) (   0,    0) (   0,    0) (   0,    0) (   0,    0) (   0,    0) (   0,    0)
          (   0,    0) (   0,    0) (   0,    0) (   0,    0) (   0,    0) (   0,    0) (   0,    0) (   0,    0) (   0,    0) (   0,    0)
          (   0,    0) (   0,    0) (   0,    0) (   0,    0) (   0,    0) (   0,    0) (   0,    0) (   0,    0) (   0,    0) (   0,    0)
          (   0,    0) (   0,    0) (   0,    0) (   0,    0) (   0,    0) (   0,    0) (   0,    0) (   0,    0) (   0,    0) (   0,    0)
          (   0,    0) (   0,    0) (   0,    0) (   0,    0) (   0,    0) (   0,    0) (   0,    0) (   0,    0) (   0,    0) (   0,    0)
          (   0,    0) (   0,    0) (   0,    0) (   0,    0) (   0,    0) (   0,    0) (   0,    0) (   0,    0) (   0,    0) (   0,    0)
          (   0,    0) (   0,    0) (   0,    0) (   0,    0) (   0,    0) (   0,    0) (   0,    0) (   0,    0) (   0,    0) (   0,    0)
          (   0,    0) (   0,    0) (   0,    0) (   0,    0) (   0,    0) (   0,    0) (   0,    0) (   0,    0) (   0,    0) (   0,    0)
          (   0,    0) (   0,    0) (   0,    0) (   0,    0) (   0,    0) (   0,    0) (   0,    0) (   0,    0) (   0,    0) (   0,    0)
          (   0,    0) (   0,    0) (   0,    0) (   0,    0) (   0,    0) (   0,    0) (   0,    0) (   0,    0) (   0,    0) (   0,    0)
          (   0,    0) (   0,    0) (   0,    0) (   0,    0) (   0,    0) (   0,    0) (   0,    0) (   0,    0) (   0,    0) (   0,    0)
          (   0,    0) (   0,    0) (   0,    0) (   0,    0) (   0,    0) (   0,    0) (   0,    0) (   0,    0) (   0,    0) (   0,    0)
          (   0,    0) (   0,    0) (   0,    0) (   0,    0) (   0,    0) (   0,    0) (   0,    0) (   0,    0) (   0,    0) (   0,    0)
          (   0,    0) (   0,    0) (   0,    0) (   0,    0) (   0,    0) (   0,    0) (   0,    0) (   0,    0) (   0,    0) (   0,    0)
          (   0,    0) (   0,    0) (   0,    0) (   0,    0) (   0,    0) (   0,    0) (   0,    0) (   0,    0) (   0,    0) (   0,    0)
          (   0,    0) (   0,    0) (   0,    0) (   0,    0) (   0,    0) (   0,    0) (   0,    0) (   0,    0) (   0,    0) (   0,    0)
          (   0,    0) (   0,    0) (   0,    0) (   0,    0) (   0,    0) (   0,    0) (   0,    0) (   0,    0) (   0,    0) (   0,    0)
          (   0,    0) (   0,    0) (   0,    0) (   0,    0) (   0,    0) (   0,    0) (   0,    0) (   0,    0) (   0,    0) (   0,    0)
          (   0,    0) (   0,    0) (   0,    0) (   0,    0) (   0,    0) (   0,    0) (   0,    0) (   0,    0) (   0,    0) (   0,    0)
          (   0,    0) (   0,    0) (   0,    0) (   0,    0) (   0,    0) (   0,    0) (   0,    0) (   0,    0) (   0,    0) (   0,    0)
          (   0,    0) (   0,    0) (   0,    0) (   0,    0) (   0,    0) (   0,    0) (   0,    0) (   0,    0) (   0,    0) (   0,    0)
          (   0,    0) (   0,    0) (   0,    0) (   0,    0) (   0,    0) (   0,    0) (   0,    0) (   0,    0) (   0,    0) (   0,    0)
          (   0,    0) (   0,    0) (   0,    0) (   0,    0) (   0,    0) (   0,    0) (   0,    0) (   0,    0) (   0,    0) (   0,    0)
          (   0,    0) (   0,    0) (   0,    0) (   0,    0) (   0,    0) (   0,    0) (   0,    0) (   0,    0) (   0,    0) (   0,    0)
          (   0,    0) (   0,    0) (   0,    0) (   0,    0) (   0,    0) (   0,    0) (   0,    0) (   0,    0) (   0,    0) (   0,    0)
          (   0,    0) (   0,    0) (   0,    0) (   0,    0) (   0,    0) (   0,    0) (   0,    0) (   0,    0) (   0,    0) (   0,    0)
          (   0,    0) (   0,    0) (   0,    0) (   0,    0) (   0,    0) (   0,    0) (   0,    0) (   0,    0) (   0,    0) (   0,    0)
          (   0,    0) (   0,    0) (   0,    0) (   0,    0) (   0,    0) (   0,    0) (   0,    0) (   0,    0) (   0,    0) (   0,    0)
          (   0,    0) (   0,    0) (   0,    0) (   0,    0) (   0,    0) (   0,    0) (   0,    0) (   0,    0) (   0,    0) (   0,    0)
          (   0,    0) (   0,    0) (   0,    0) (   0,    0) (   0,    0) (   0,    0) (   0,    0) (   0,    0) (   0,    0) (   0,    0)
          (   0,    0) (   0,    0) (   0,    0) (   0,    0) (   0,    0) (   0,    0) (   0,    0) (   0,    0) (   0,    0) (   0,    0)
          (   0,    0) (   0,    0) (   0,    0) (   0,    0) (   0,    0) (   0,    0) (   0,    0) (   0,    0) (   0,    0) (   0,    0)
          (   0,    0) (   0,    0) (   0,    0) (   0,    0) (   0,    0) (   0,    0) (   0,    0) (   0,    0) (   0,    0) (   0,    0)
          (   0,    0) (   0,    0) (   0,    0) (   0,    0) (   0,    0) (   0,    0) (   0,    0) (   0,    0) (   0,    0) (   0,    0)
          (   0,    0) (   0,    0) (   0,    0) (   0,    0) (   0,    0) (   0,    0) (   0,    0) (   0,    0) (   0,    0) (   0,    0)
          (   0,    0) (   0,    0) (   0,    0) (   0,    0) (   0,    0) (   0,    0) (   0,    0) (   0,    0) (   0,    0) (   0,    0)
          (   0,    0) (   0,    0) (   0,    0) (   0,    0) (   0,    0) (   0,    0) (   0,    0) (   0,    0) (   0,    0) (   0,    0)
         
node   2 sent_total     27  recv_total     47

node   3  (   0,    0) (   0,    0) (   0,    0) (   0,    0) (   0,    0) (   0,    0) (   0,    0) (   0,    0) (   0,    0) (   0,    0)
          (   0,    0) (   0,    0) (   0,    0) (   0,    0) (   0,    0) (   0,    0) (   0,    0) (   0,    0) (   0,    0) (   0,    0)
          (   0,    0) (   0,    0) (   0,    0) (   0,    0) (   0,    0) (   0,    0) (   0,    0) (   0,    0) (   0,    0) (   0,    0)
          (   0,    0) (   0,    0) (   0,    0) (   0,    0) (   0,    0) (   0,    0) (   0,    0) (   0,    0) (   0,    0) (   0,    0)
          (   0,    0) (   0,    0) (   0,    0) (   0,    0) (   0,    0) (   0,    0) (   0,    0) (   0,    0) (   0,    0) (   0,    0)
          (   0,    0) (   0,    0) (   0,    0) (   0,    0) (   0,    0) (   0,    0) (   0,    0) (   0,    0) (   0,    0) (   0,    0)
          (   0,    0) (   0,    0) (   0,    0) (   0,    0) (   0,    0) (   0,    0) (   0,    0) (   0,    0) (   0,    0) (   0,    0)
          (   0,    0) (   0,    0) (   0,    0) (   0,    0) (   0,    0) (   0,    0) (   0,    0) (   0,    0) (   0,    0) (   0,    0)
          (   0,    0) (   0,    0) (   0,    0) (   0,    0) (   0,    0) (   0,    0) (   0,    0) (   0,    0) (   0,    0) (   0,    0)
          (   0,    0) (   0,    0) (   0,    0) (   0,    0) (   0,    0) (   0,    0) (   0,    0) (   0,    0) (   0,    0) (   0,    0)
          (  33,    0) (  52,   52) (   0,   33) (   0,    0) (   0,    0) (   0,    0) (   0,    0) (   0,    0) (   0,    0) (   0,    0)
          (   0,    0) (   0,    0) (   0,    0) (   0,    0) (   0,    0) (   0,    0) (   0,    0) (   0,    0) (   0,    0) (   0,    0)
          (   0,    0) (   0,    0) (   0,    0) (   0,    0) (   0,    0) (   0,    0) (   0,    0) (   0,    0) (   0,    0) (   0,    0)
          (   0,    0) (   0,    0) (   0,    0) (   0,    0) (   0,    0) (   0,    0) (   0,    0) (   0,    0) (   0,    0) (   0,    0)
          (   0,    0) (   0,    0) (   0,    0) (   0,    0) (   0,    0) (   0,    0) (   0,    0) (   0,    0) (   0,    0) (   0,    0)
          (   0,    0) (   0,    0) (   0,    0) (   0,    0) (   0,    0) (   0,    0) (   0,    0) (   0,    0) (   0,    0) (   0,    0)
          (   0,    0) (   0,    0) (   0,    0) (   0,    0) (   0,    0) (   0,    0) (   0,    0) (   0,    0) (   0,    0) (   0,    0)
          (   0,    0) (   0,    0) (   0,    0) (   0,    0) (   0,    0) (   0,    0) (   0,    0) (   0,    0) (   0,    0) (   0,    0)
          (   0,    0) (   0,    0) (   0,    0) (   0,    0) (   0,    0) (   0,    0) (   0,    0) (   0,    0) (   0,    0) (   0,    0)
          (   0,    0) (   0,    0) (   0,    0) (   0,    0) (   0,    0) (   0,    0) (   0,    0) (   0,    0) (   0,    0) (   0,    0)
          (   0,    0) (   0,    0) (   0,    0) (   0,    0) (   0,    0) (   0,    0) (   0,    0) (   0,    0) (   0,    0) (   0,    0)
          (   0,    0) (   0,    0) (   0,    0) (   0,    0) (   0,    0) (   0,    0) (   0,    0) (   0,    0) (   0,    0) (   0,    0)
          (   0,    0) (   0,    0) (   0,    0) (   0,    0) (   0,    0) (   0,    0) (   0,    0) (   0,    0) (   0,    0) (   0,    0)
          (   0,    0) (   0,    0) (   0,    0) (   0,    0) (   0,    0) (   0,    0) (   0,    0) (   0,    0) (   0,    0) (   0,    0)
          (   0,    0) (   0,    0) (   0,    0) (   0,    0) (   0,    0) (   0,    0) (  44,    0) (   0,    0) (   0,    0) (   0,    0)
          (   0,    0) (   0,    0) (   0,    0) (   0,    0) (   0,    0) (   0,    0) (   0,    0) (   0,    0) (   0,    0) (   0,    0)
          (   0,    0) (   0,    0) (   0,    0) (   0,    0) (   0,    0) (   0,    0) (   0,    0) (   0,    0) (   0,    0) (   0,    0)
          (   0,    0) (   0,    0) (   0,    0) (   0,    0) (   0,    0) (   0,    0) (   0,    0) (   0,    0) (   0,    0) (   0,    0)
          (   0,    0) (   0,    0) (   0,    0) (   0,    0) (   0,    0) (   0,    0) (   0,    0) (   0,    0) (   0,    0) (   0,    0)
          (   0,    0) (   0,    0) (   0,    0) (   0,    0) (   0,    0) (   0,    0) (   0,    0) (   0,    0) (   0,    0) (   0,    0)
          (   0,    0) (   0,    0) (   0,    0) (   0,    0) (   0,    0) (   0,    0) (   0,    8) (   0,    0) (   0,    0) (   0,    0)
          (   0,    0) (   0,    0) (   0,    0) (   0,    0) (   0,    0) (   0,    0) (   0,    0) (   0,    0) (   0,    0) (   0,    0)
          (   0,    0) (   0,    0) (   0,    0) (   0,    0) (   0,    0) (   0,    0) (   0,    0) (   0,    0) (   0,    0) (   0,    0)
          (   0,    0) (   0,    0) (   0,    0) (   0,    0) (   0,    0) (   0,    0) (   0,    0) (   0,    0) (   0,    0) (   0,    0)
          (   0,    0) (   0,    0) (   0,    0) (   0,    0) (   0,    0) (   0,    0) (   0,    0) (   0,    0) (   0,    0) (   0,    0)
          (   0,    0) (   0,    0) (   0,    0) (   0,    0) (   0,    0) (   0,    0) (   0,    0) (   0,    0) (   0,    0) (   0,    0)
          (   0,    0) (   0,    0) (   0,    0) (   0,    0) (   0,    0) (   0,    0) (   0,    0) (   0,    0) (   0,    0) (   0,    0)
          (   0,    0) (   0,    0) (   0,    0) (   0,    0) (   0,    0) (   0,    0) (   0,    0) (   0,    0) (   0,    0) (   0,    0)
          (   0,    0) (   0,    0) (   0,    0) (   0,    0) (   0,    0) (   0,    0) (   0,    0) (   0,    0) (   0,    0) (   0,    0)
          (   0,    0) (   0,    0) (   0,    0) (   0,    0) (   0,    0) (   0,    0) (   0,    0) (   0,    0) (   0,    0) (   0,    0)
          (   0,    0) (   0,    0) (   0,    0) (   0,    0) (   0,    0) (   0,    0) (   0,    0) (   0,    0) (   0,    0) (   0,    0)
          (   0,    0) (   0,    0) (   0,    0) (   0,    0) (   0,    0) (   0,    0) (   0,    0) (   0,    0) (   0,    0) (   0,    0)
          (   0,    0) (   0,    0) (   0,    0) (   0,    0) (   0,    0) (   0,    0) (   0,    0) (   0,    0) (   0,    0) (   0,    0)
          (   0,    0) (   0,    0) (   0,    0) (   0,    0) (   0,    0) (   0,    0) (   0,    0) (   0,    0) (   0,    0) (   0,    0)
          (   0,    0) (   0,    0) (   0,    0) (   0,    0) (   0,    0) (   0,    0) (   0,    0) (   0,    0) (   0,    0) (   0,    0)
          (   0,    0) (   0,    0) (   0,    0) (   0,    0) (   0,    0) (   0,    0) (   0,    0) (   0,    0) (   0,    0) (   0,    0)
          (   0,    0) (   0,    0) (   0,    0) (   0,    0) (   0,    0) (   0,    0) (   0,    0) (   0,    0) (   0,    0) (   0,    0)
          (   0,    0) (   0,    0) (   0,    0) (   0,    0) (   0,    0) (   0,    0) (   0,    0) (   0,    0) (   0,    0) (   0,    0)
          (   0,    0) (   0,    0) (   0,    0) (   0,    0) (   0,    0) (   0,    0) (   0,    0) (   0,    0) (   0,    0) (   0,    0)
          (   0,    0) (   0,    0) (   0,    0) (   0,    0) (   0,    0) (   0,    0) (   0,    0) (   0,    0) (   0,    0) (   0,    0)
          (   0,    0) (   0,    0) (   0,    0) (   0,    0) (   0,    0) (   0,    0) (   0,    0) (   0,    0) (   0,    0) (   0,    0)
          (   0,    0) (   0,    0) (   0,    0) (   0,    0) (   0,    0) (   0,    0) (   0,    0) (   0,    0) (   0,    0) (   0,    0)
          (   0,    0) (   0,    0) (   0,    0) (   0,    0) (   0,    0) (   0,    0) (   0,    0) (   0,    0) (   0,    0) (   0,    0)
          (   0,    0) (   0,    0) (   0,    0) (   0,    0) (   0,    0) (   0,    0) (   0,    0) (   0,    0) (   0,    0) (   0,    0)
          (   0,    0) (   0,    0) (   0,    0) (   0,    0) (   0,    0) (   0,    0) (   0,    0) (   0,    0) (   0,    0) (   0,    0)
          (   0,    0) (   0,    0) (   0,    0) (   0,    0) (   0,    0) (   0,    0) (   0,    0) (   0,    0) (   0,    0) (   0,    0)
          (   0,    0) (   0,    0) (   0,    0) (   0,    0) (   0,    0) (   0,    0) (   0,    0) (   0,    0) (   0,    0) (   0,    0)
          (   0,    0) (   0,    0) (   0,    0) (   0,    0) (   0,    0) (   0,    0) (   0,    0) (   0,    0) (   0,    0) (   0,    0)
          (   0,    0) (   0,    0) (   0,    0) (   0,    0) (   0,    0) (   0,    0) (   0,    0) (   0,    0) (   0,    0) (   0,    0)
          (   0,    0) (   0,    0) (   0,    0) (   0,    0) (   0,    0) (   0,    0) (   0,    0) (   0,    0) (   0,    0) (   0,    0)
          (   0,    0) (   0,    0) (   0,    0) (   0,    0) (   0,    0) (   0,    0) (   0,    0) (   0,    0) (   0,    0) (   0,    0)
          (   0,    0) (   0,    0) (   0,    0) (   0,    0) (   0,    0) (   0,    0) (   0,    0) (   0,    0) (   0,    0) (   0,    0)
          (   0,    0) (   0,    0) (   0,    0) (   0,    0) (   0,    0) (   0,    0) (   0,    0) (   0,    0) (   0,    0) (   0,    0)
          (   0,    0) (   0,    0) (   0,    0) (   0,    0) (   0,    0) (   0,    0) (   0,    0) (   0,    0) (   0,    0) (   0,    0)
          (   0,    0) (   0,    0) (   0,    0) (   0,    0) (   0,    0) (   0,    0) (   0,    0) (   0,    0) (   0,    0) (   0,    0)
          (   0,    0) (   0,    0) (   0,    0) (   0,    0) (   0,    0) (   0,    0) (   0,    0) (   0,    0) (   0,    0) (   0,    0)
          (   0,    0) (   0,    0) (   0,    0) (   0,    0) (   0,    0) (   0,    0) (   0,    0) (   0,    0) (   0,    0) (   0,    0)
          (   0,    0) (   0,    0) (   0,    0) (   0,    0) (   0,    0) (   0,    0) (   0,    0) (   0,    0) (   0,    0) (   0,    0)
          (   0,    0) (   0,    0) (   0,    0) (   0,    0) (   0,    0) (   0,    0) (   0,    0) (   0,    0) (   0,    0) (   0,    0)
          (   0,    0) (   0,    0) (   0,    0) (   0,    0) (   0,    0) (   0,    0) (   0,    0) (   0,    0) (   0,    0) (   0,    0)
         
node   3 sent_total    129  recv_total     93

node   4  (   0,    0) (   0,    0) (   0,    0) (   0,    0) (   0,    0) (   0,    0) (   0,    0) (   0,    0) (   0,    0) (   0,    0)
          (   0,    0) (   0,    0) (   0,    0) (   0,    0) (   0,    0) (   0,    0) (   0,    0) (   0,    0) (   0,    0) (   0,    0)
          (   0,    0) (   0,    0) (   0,    0) (   0,    0) (   0,    0) (   0,    0) (   0,    0) (   0,    0) (   0,    0) (   0,    0)
          (   0,    0) (   0,    0) (   0,    0) (   0,    0) (   0,    0) (   0,    0) (   0,    0) (   0,    0) (   0,    0) (   0,    0)
          (   0,    0) (   0,    0) (   0,    0) (   0,    0) (   0,    0) (   0,    0) (   0,    0) (   0,    0) (   0,    0) (   0,    0)
          (   0,    0) (   0,    0) (   0,    0) (   0,    0) (   0,    0) (   0,    0) (   0,    0) (   0,    0) (   0,    0) (   0,    0)
          (   0,    0) (   0,    0) (   0,    0) (   0,    0) (   0,    0) (   0,    0) (   0,    0) (   0,    0) (   0,    0) (   0,    0)
          (   0,    0) (   0,    0) (   0,    0) (   0,    0) (   0,    0) (   0,    0) (   0,    0) (   0,    0) (   0,    0) (   0,    0)
          (   0,    0) (   0,    0) (   0,    0) (   0,    0) (   0,    0) (   0,    0) (   0,    0) (   0,    0) (   0,    0) (   0,    0)
          (   0,    0) (   0,    0) (   0,    0) (   0,    0) (   0,    0) (   0,    0) (   0,    0) (   0,    0) (   0,    0) (   0,    0)
          (  24,    0) (  35,   35) (   0,   24) (   0,    0) (   0,    0) (   0,    0) (   0,    0) (   0,    0) (   0,    0) (   0,    0)
          (   0,    0) (   0,    0) (   0,    0) (   0,    0) (   0,    0) (   0,    0) (   0,    0) (   0,    0) (   0,    0) (   0,    0)
          (   0,    0) (   0,    0) (   0,    0) (   0,    0) (   0,    0) (   0,    0) (   0,    0) (   0,    0) (   0,    0) (   0,    0)
          (   0,    0) (   0,    0) (   0,    0) (   0,    0) (   0,    0) (   0,    0) (   0,    0) (   0,    0) (   0,    0) (   0,    0)
          (   0,    0) (   0,    0) (   0,    0) (   0,    0) (   0,    0) (   0,    0) (   0,    0) (   0,    0) (   0,    0) (   0,    0)
          (   0,    0) (   0,    0) (   0,    0) (   0,    0) (   0,    0) (   0,    0) (   0,    0) (   0,    0) (   0,    0) (   0,    0)
          (   0,    0) (   0,    0) (   0,    0) (   0,    0) (   0,    0) (   0,    0) (   0,    0) (   0,    0) (   0,    0) (   0,    0)
          (   0,    0) (   0,    0) (   0,    0) (   0,    0) (   0,    0) (   0,    0) (   0,    0) (   0,    0) (   0,    0) (   0,    0)
          (   0,    0) (   0,    0) (   0,    0) (   0,    0) (   0,    0) (   0,    0) (   0,    0) (   0,    0) (   0,    0) (   0,    0)
          (   0,    0) (   0,    0) (   0,    0) (   0,    0) (   0,    0) (  17,    0) (   0,   28) (   0,    0) (   0,    0) (   0,    0)
          (   0,    0) (   0,    0) (   0,    0) (   0,    0) (   0,    0) (   0,    0) (   0,    0) (   0,    0) (   0,    0) (   0,    0)
          (   0,    0) (   0,    0) (   0,    0) (   0,    0) (   0,    0) (   0,    0) (   0,    0) (   0,    0) (   0,    0) (   0,    0)
          (   0,    0) (   0,    0) (   0,    0) (   0,    0) (   0,    0) (   0,    0) (   0,    0) (   0,    0) (   0,    0) (   0,    0)
          (   0,    0) (   0,    0) (   0,    0) (   0,    0) (   0,    0) (   0,    0) (   0,    0) (   0,    0) (   0,    0) (   0,    0)
          (   0,    0) (   0,    0) (   0,    0) (   0,    0) (   0,    0) (   0,    0) (   0,    0) (   0,    0) (   0,    0) (   0,    0)
          (   0,    0) (   0,    0) (   0,    0) (   0,    0) (   0,    0) (   0,    0) (   0,    0) (   0,    0) (   0,    0) (   0,    0)
          (   0,    0) (   0,    0) (   0,    0) (   0,    0) (   0,    0) (   0,    0) (   0,    0) (   0,    0) (   0,    0) (   0,    0)
          (   0,    0) (   0,    0) (   0,    0) (   0,    0) (   0,    0) (   0,    0) (   0,    0) (   0,    0) (   0,    0) (   0,    0)
          (   0,    0) (   0,    0) (   0,    0) (   0,    0) (   0,    0) (   0,    0) (   0,    0) (   0,    0) (   0,    0) (   0,    0)
          (   0,    0) (   0,    0) (   0,    0) (   0,    0) (   0,    0) (   0,    0) (   0,    0) (   0,    0) (   0,    0) (   0,    0)
          (   0,    0) (   0,    0) (   0,    0) (   0,    0) (   0,    0) (   0,    0) (   0,    0) (   0,    0) (   0,    0) (   0,    0)
          (   0,    0) (   0,    0) (   0,    0) (   0,    0) (   0,    0) (   0,    0) (   0,    0) (   0,    0) (   0,    0) (   0,    0)
          (   0,    0) (   0,    0) (   0,    0) (   0,    0) (   0,    0) (   0,    0) (   0,    0) (   0,    0) (   0,    0) (   0,    0)
          (   0,    0) (   0,    0) (   0,    0) (   0,    0) (   0,    0) (   0,    0) (   0,    0) (   0,    0) (   0,    0) (   0,    0)
          (   0,    0) (   0,    0) (   0,    0) (   0,    0) (   0,    0) (   0,    0) (   0,    0) (   0,    0) (   0,    0) (   0,    0)
          (   0,    0) (   0,    0) (   0,    0) (   0,    0) (   0,    0) (   0,    0) (   0,    0) (   0,    0) (   0,    0) (   0,    0)
          (   0,    0) (   0,    0) (   0,    0) (   0,    0) (   0,    0) (   0,    0) (   0,    0) (   0,    0) (   0,    0) (   0,    0)
          (   0,    0) (   0,    0) (   0,    0) (   0,    0) (   0,    0) (   0,    0) (   0,    0) (   0,    0) (   0,    0) (   0,    0)
          (   0,    0) (   0,    0) (   0,    0) (   0,    0) (   0,    0) (   0,    0) (   0,    0) (   0,    0) (   0,    0) (   0,    0)
          (   0,    0) (   0,    0) (   0,    0) (   0,    0) (   0,    0) (   0,    0) (   0,    0) (   0,    0) (   0,    0) (   0,    0)
          (   0,    0) (   0,    0) (   0,    0) (   0,    0) (   0,    0) (   0,    0) (   0,    0) (   0,    0) (   0,    0) (   0,    0)
          (   0,    0) (   0,    0) (   0,    0) (   0,    0) (   0,    0) (   0,    0) (   0,    0) (   0,    0) (   0,    0) (   0,    0)
          (   0,    0) (   0,    0) (   0,    0) (   0,    0) (   0,    0) (   0,    0) (   0,    0) (   0,    0) (   0,    0) (   0,    0)
          (   0,    0) (   0,    0) (   0,    0) (   0,    0) (   0,    0) (   0,    0) (   0,    0) (   0,    0) (   0,    0) (   0,    0)
          (   0,    0) (   0,    0) (   0,    0) (   0,    0) (   0,    0) (   0,    0) (   0,    0) (   0,    0) (   0,    0) (   0,    0)
          (   0,    0) (   0,    0) (   0,    0) (   0,    0) (   0,    0) (   0,    0) (   0,    0) (   0,    0) (   0,    0) (   0,    0)
          (   0,    0) (   0,    0) (   0,    0) (   0,    0) (   0,    0) (   0,    0) (   0,    0) (   0,    0) (   0,    0) (   0,    0)
          (   0,    0) (   0,    0) (   0,    0) (   0,    0) (   0,    0) (   0,    0) (   0,    0) (   0,    0) (   0,    0) (   0,    0)
          (   0,    0) (   0,    0) (   0,    0) (   0,    0) (   0,    0) (   0,    0) (   0,    0) (   0,    0) (   0,    0) (   0,    0)
          (   0,    0) (   0,    0) (   0,    0) (   0,    0) (   0,    0) (   0,    0) (   0,    0) (   0,    0) (   0,    0) (   0,    0)
          (   0,    0) (   0,    0) (   0,    0) (   0,    0) (   0,    0) (   0,    0) (   0,    0) (   0,    0) (   0,    0) (   0,    0)
          (   0,    0) (   0,    0) (   0,    0) (   0,    0) (   0,    0) (   0,    0) (   0,    0) (   0,    0) (   0,    0) (   0,    0)
          (   0,    0) (   0,    0) (   0,    0) (   0,    0) (   0,    0) (   0,    0) (   0,    0) (   0,    0) (   0,    0) (   0,    0)
          (   0,    0) (   0,    0) (   0,    0) (   0,    0) (   0,    0) (   0,    0) (   0,    0) (   0,    0) (   0,    0) (   0,    0)
          (   0,    0) (   0,    0) (   0,    0) (   0,    0) (   0,    0) (   0,    0) (   0,    0) (   0,    0) (   0,    0) (   0,    0)
          (   0,    0) (   0,    0) (   0,    0) (   0,    0) (   0,    0) (   0,    0) (   0,    0) (   0,    0) (   0,    0) (   0,    0)
          (   0,    0) (   0,    0) (   0,    0) (   0,    0) (   0,    0) (   0,    0) (   0,    0) (   0,    0) (   0,    0) (   0,    0)
          (   0,    0) (   0,    0) (   0,    0) (   0,    0) (   0,    0) (   0,    0) (   0,    0) (   0,    0) (   0,    0) (   0,    0)
          (   0,    0) (   0,    0) (   0,    0) (   0,    0) (   0,    0) (   0,    0) (   0,    0) (   0,    0) (   0,    0) (   0,    0)
          (   0,    0) (   0,    0) (   0,    0) (   0,    0) (   0,    0) (   0,    0) (   0,    0) (   0,    0) (   0,    0) (   0,    0)
          (   0,    0) (   0,    0) (   0,    0) (   0,    0) (   0,    0) (   0,    0) (   0,    0) (   0,    0) (   0,    0) (   0,    0)
          (   0,    0) (   0,    0) (   0,    0) (   0,    0) (   0,    0) (   0,    0) (   0,    0) (   0,    0) (   0,    0) (   0,    0)
          (   0,    0) (   0,    0) (   0,    0) (   0,    0) (   0,    0) (   0,    0) (   0,    0) (   0,    0) (   0,    0) (   0,    0)
          (   0,    0) (   0,    0) (   0,    0) (   0,    0) (   0,    0) (   0,    0) (   0,    0) (   0,    0) (   0,    0) (   0,    0)
          (   0,    0) (   0,    0) (   0,    0) (   0,    0) (   0,    0) (   0,    0) (   0,    0) (   0,    0) (   0,    0) (   0,    0)
          (   0,    0) (   0,    0) (   0,    0) (   0,    0) (   0,    0) (   0,    0) (   0,    0) (   0,    0) (   0,    0) (   0,    0)
          (   0,    0) (   0,    0) (   0,    0) (   0,    0) (   0,    0) (   0,    0) (   0,    0) (   0,    0) (   0,    0) (   0,    0)
          (   0,    0) (   0,    0) (   0,    0) (   0,    0) (   0,    0) (   0,    0) (   0,    0) (   0,    0) (   0,    0) (   0,    0)
          (   0,    0) (   0,    0) (   0,    0) (   0,    0) (   0,    0) (   0,    0) (   0,    0) (   0,    0) (   0,    0) (   0,    0)
          (   0,    0) (   0,    0) (   0,    0) (   0,    0) (   0,    0) (   0,    0) (   0,    0) (   0,    0) (   0,    0) (   0,    0)
         
node   4 sent_total     76  recv_total     87

node   5  (   0,    0) (   0,    0) (   0,    0) (   0,    0) (   0,    0) (   0,    0) (   0,    0) (   0,    0) (   0,    0) (   0,    0)
          (   0,    0) (   0,    0) (   0,    0) (   0,    0) (   0,    0) (   0,    0) (   0,    0) (   0,    0) (   0,    0) (   0,    0)
          (   0,    0) (   0,    0) (   0,    0) (   0,    0) (   0,    0) (   0,    0) (   0,    0) (   0,    0) (   0,    0) (   0,    0)
          (   0,    0) (   0,    0) (   0,    0) (   0,    0) (   0,    0) (   0,    0) (   0,    0) (   0,    0) (   0,    0) (   0,    0)
          (   0,    0) (   0,    0) (   0,    0) (   0,    0) (   0,    0) (   0,    0) (   0,    0) (   0,    0) (   0,    0) (   0,    0)
          (   0,    0) (   0,    0) (   0,    0) (   0,    0) (   0,    0) (   0,    0) (   0,    0) (   0,    0) (   0,    0) (   0,    0)
          (   0,    0) (   0,    0) (   0,    0) (   0,    0) (   0,    0) (   0,    0) (   0,    0) (   0,    0) (   0,    0) (   0,    0)
          (   0,    0) (   0,    0) (   0,    0) (   0,    0) (   0,    0) (   0,    0) (   0,    0) (   0,    0) (   0,    0) (   0,    0)
          (   0,    0) (   0,    0) (   0,    0) (   0,    0) (   0,    0) (   0,    0) (   0,    0) (   0,    0) (   0,    0) (   0,    0)
          (   0,    0) (   0,    0) (   0,    0) (   0,    0) (   0,    0) (   0,    0) (   0,    0) (   0,    0) (   0,    0) (   0,    0)
          (  27,    0) (  17,   17) (   0,   27) (   0,    0) (   0,    0) (   0,    0) (   0,    0) (   0,    0) (   0,    0) (   0,    0)
          (   0,    0) (   0,    0) (   0,    0) (   0,    0) (   0,    0) (   0,    0) (   0,    0) (   0,    0) (   0,    0) (   0,    0)
          (   0,    0) (   0,    0) (   0,    0) (   0,    0) (   0,    0) (   0,    0) (   0,    0) (   0,    0) (   0,    0) (   0,    0)
          (   0,    0) (   0,    0) (   0,    0) (   0,    0) (   0,    0) (   0,    0) (   0,    0) (   0,    0) (   0,    0) (   0,    0)
          (   0,    0) (   0,    0) (   0,    0) (   0,    0) (   0,    0) (   0,    0) (   0,    0) (   0,    0) (   0,    0) (   0,    0)
          (   0,    0) (   0,    0) (   0,    0) (   0,    0) (   0,    0) (   0,    0) (   0,    0) (   0,    0) (   0,    0) (   0,    0)
          (   0,    0) (   0,    0) (   0,    0) (   0,    0) (   0,    0) (   0,    0) (   0,    0) (   0,    0) (   0,    0) (   0,    0)
          (   0,    0) (   0,    0) (   0,    0) (   0,    0) (   0,    0) (   0,    0) (   0,    0) (   0,    0) (   0,    0) (   0,    0)
          (   0,    0) (   0,    0) (   0,    0) (   0,    0) (   0,    0) (   0,    0) (   0,    0) (   0,    0) (   0,    0) (   0,    0)
          (   0,    0) (   0,    0) (   0,    0) (   0,    0) (   0,    0) (   3,   14) (   0,   21) (   0,    0) (   0,    0) (   0,    0)
          (   0,    0) (   0,    0) (   0,    0) (   0,    0) (   0,    0) (   0,    0) (   0,    0) (   0,    0) (   0,    0) (   0,    0)
          (   0,    0) (   0,    0) (   0,    0) (   0,    0) (   0,    0) (   0,    0) (   0,    0) (   0,    0) (   0,    0) (   0,    0)
          (   0,    0) (   0,    0) (   0,    0) (   0,    0) (   0,    0) (   0,    0) (   0,    0) (   0,    0) (   0,    0) (   0,    0)
          (   0,    0) (   0,    0) (   0,    0) (   0,    0) (   0,    0) (   0,    0) (   0,    0) (   0,    0) (   0,    0) (   0,    0)
          (   0,    0) (   0,    0) (   0,    0) (   0,    0) (   0,    0) (  25,    0) (  25,   29) (   0,    7) (   0,    0) (   0,    0)
          (   0,    0) (   0,    0) (   0,    0) (   0,    0) (   0,    0) (   0,    0) (   0,    0) (   0,    0) (   0,    0) (   0,    0)
          (   0,    0) (   0,    0) (   0,    0) (   0,    0) (   0,    0) (   0,    0) (   0,    0) (   0,    0) (   0,    0) (   0,    0)
          (   0,    0) (   0,    0) (   0,    0) (   0,    0) (   0,    0) (   0,    0) (   1,    1) (   0,    0) (   0,    0) (   0,    0)
          (   0,    0) (   0,    0) (   0,    0) (   0,    0) (   0,    0) (   3,    0) (   2,    2) (   0,    3) (   0,    0) (   0,    0)
          (   0,    0) (   0,    0) (   0,    0) (   0,    0) (   0,    0) (   0,    0) (   0,    0) (   0,    0) (   0,    0) (   0,    0)
          (   0,    0) (   0,    0) (   0,    0) (   0,    0) (   0,    0) (   6,    0) (   0,    0) (   0,    0) (   0,    0) (   0,    0)
          (   0,    0) (   0,    0) (   0,    0) (   0,    0) (   0,    0) (   0,    0) (   0,    0) (   0,    0) (   0,    0) (   0,    0)
          (   0,    0) (   0,    0) (   0,    0) (   0,    0) (   0,    0) (   0,    0) (   0,    0) (   0,    0) (   0,    0) (   0,    0)
          (   0,    0) (   0,    0) (   0,    0) (   0,    0) (   0,    0) (   0,    0) (   0,    0) (   0,    0) (   0,    0) (   0,    0)
          (   0,    0) (   0,    0) (   0,    0) (   0,    0) (   0,    0) (   0,    0) (   0,    0) (   0,    0) (   0,    0) (   0,    0)
          (   0,    0) (   0,    0) (   0,    0) (   0,    0) (   0,    0) (   0,    0) (   0,    0) (   0,    0) (   0,    0) (   0,    0)
          (   0,    0) (   0,    0) (   0,    0) (   0,    0) (   0,    0) (   0,    0) (   0,    0) (   0,    0) (   0,    0) (   0,    0)
          (   0,    0) (   0,    0) (   0,    0) (   0,    0) (   0,    0) (   0,    0) (   0,    0) (   0,    0) (   0,    0) (   0,    0)
          (   0,    0) (   0,    0) (   0,    0) (   0,    0) (   0,    0) (   0,    0) (   0,    0) (   0,    0) (   0,    0) (   0,    0)
          (   0,    0) (   0,    0) (   0,    0) (   0,    0) (   0,    0) (   0,    0) (   0,    0) (   0,    0) (   0,    0) (   0,    0)
          (   0,    0) (   0,    0) (   0,    0) (   0,    0) (   0,    0) (   0,    0) (   0,    0) (   0,    0) (   0,    0) (   0,    0)
          (   0,    0) (   0,    0) (   0,    0) (   0,    0) (   0,    0) (   0,    0) (   0,    0) (   0,    0) (   0,    0) (   0,    0)
          (   0,    0) (   0,    0) (   0,    0) (   0,    0) (   0,    0) (   0,    0) (   0,    0) (   0,    0) (   0,    0) (   0,    0)
          (   0,    0) (   0,    0) (   0,    0) (   0,    0) (   0,    0) (   0,    0) (   0,    0) (   0,    0) (   0,    0) (   0,    0)
          (   0,    0) (   0,    0) (   0,    0) (   0,    0) (   0,    0) (   0,    0) (   0,    0) (   0,    0) (   0,    0) (   0,    0)
          (   0,    0) (   0,    0) (   0,    0) (   0,    0) (   0,    0) (   0,    0) (   0,    0) (   0,    0) (   0,    0) (   0,    0)
          (   0,    0) (   0,    0) (   0,    0) (   0,    0) (   0,    0) (   0,    0) (   0,    0) (   0,    0) (   0,    0) (   0,    0)
          (   0,    0) (   0,    0) (   0,    0) (   0,    0) (   0,    0) (   0,    0) (   0,    0) (   0,    0) (   0,    0) (   0,    0)
          (   0,    0) (   0,    0) (   0,    0) (   0,    0) (   0,    0) (   0,    0) (   0,    0) (   0,    0) (   0,    0) (   0,    0)
          (   0,    0) (   0,    0) (   0,    0) (   0,    0) (   0,    0) (   0,    0) (   0,    0) (   0,    0) (   0,    0) (   0,    0)
          (   0,    0) (   0,    0) (   0,    0) (   0,    0) (   0,    0) (   0,    0) (   0,    0) (   0,    0) (   0,    0) (   0,    0)
          (   0,    0) (   0,    0) (   0,    0) (   0,    0) (   0,    0) (   0,    0) (   0,    0) (   0,    0) (   0,    0) (   0,    0)
          (   0,    0) (   0,    0) (   0,    0) (   0,    0) (   0,    0) (   0,    0) (   0,    0) (   0,    0) (   0,    0) (   0,    0)
          (   0,    0) (   0,    0) (   0,    0) (   0,    0) (   0,    0) (   0,    0) (   0,    0) (   0,    0) (   0,    0) (   0,    0)
          (   0,    0) (   0,    0) (   0,    0) (   0,    0) (   0,    0) (   0,    0) (   0,    0) (   0,    0) (   0,    0) (   0,    0)
          (   0,    0) (   0,    0) (   0,    0) (   0,    0) (   0,    0) (   0,    0) (   0,    0) (   0,    0) (   0,    0) (   0,    0)
          (   0,    0) (   0,    0) (   0,    0) (   0,    0) (   0,    0) (   0,    0) (   0,    0) (   0,    0) (   0,    0) (   0,    0)
          (   0,    0) (   0,    0) (   0,    0) (   0,    0) (   0,    0) (   0,    0) (   0,    0) (   0,    0) (   0,    0) (   0,    0)
          (   0,    0) (   0,    0) (   0,    0) (   0,    0) (   0,    0) (   0,    0) (   0,    0) (   0,    0) (   0,    0) (   0,    0)
          (   0,    0) (   0,    0) (   0,    0) (   0,    0) (   0,    0) (   0,    0) (   0,    0) (   0,    0) (   0,    0) (   0,    0)
          (   0,    0) (   0,    0) (   0,    0) (   0,    0) (   0,    0) (   0,    0) (   0,    0) (   0,    0) (   0,    0) (   0,    0)
          (   0,    0) (   0,    0) (   0,    0) (   0,    0) (   0,    0) (   0,    0) (   0,    0) (   0,    0) (   0,    0) (   0,    0)
          (   0,    0) (   0,    0) (   0,    0) (   0,    0) (   0,    0) (   0,    0) (   0,    0) (   0,    0) (   0,    0) (   0,    0)
          (   0,    0) (   0,    0) (   0,    0) (   0,    0) (   0,    0) (   0,    0) (   0,    0) (   0,    0) (   0,    0) (   0,    0)
          (   0,    0) (   0,    0) (   0,    0) (   0,    0) (   0,    0) (   0,    0) (   0,    0) (   0,    0) (   0,    0) (   0,    0)
          (   0,    0) (   0,    0) (   0,    0) (   0,    0) (   0,    0) (   0,    0) (   0,    0) (   0,    0) (   0,    0) (   0,    0)
          (   0,    0) (   0,    0) (   0,    0) (   0,    0) (   0,    0) (   0,    0) (   0,    0) (   0,    0) (   0,    0) (   0,    0)
          (   0,    0) (   0,    0) (   0,    0) (   0,    0) (   0,    0) (   0,    0) (   0,    0) (   0,    0) (   0,    0) (   0,    0)
          (   0,    0) (   0,    0) (   0,    0) (   0,    0) (   0,    0) (   0,    0) (   0,    0) (   0,    0) (   0,    0) (   0,    0)
          (   0,    0) (   0,    0) (   0,    0) (   0,    0) (   0,    0) (   0,    0) (   0,    0) (   0,    0) (   0,    0) (   0,    0)
         
node   5 sent_total    109  recv_total    121

node   6  (   0,    0) (   0,    0) (   0,    0) (   0,    0) (   0,    0) (   0,    0) (   0,    0) (   0,    0) (   0,    0) (   0,    0)
          (   0,    0) (   0,    0) (   0,    0) (   0,    0) (   0,    0) (   0,    0) (   0,    0) (   0,    0) (   0,    0) (   0,    0)
          (   0,    0) (   0,    0) (   0,    0) (   0,    0) (   0,    0) (   0,    0) (   0,    0) (   0,    0) (   0,    0) (   0,    0)
          (   0,    0) (   0,    0) (   0,    0) (   0,    0) (   0,    0) (   0,    0) (   0,    0) (   0,    0) (   0,    0) (   0,    0)
          (   0,    0) (   0,    0) (   0,    0) (   0,    0) (   0,    0) (   0,    0) (   0,    0) (   0,    0) (   0,    0) (   0,    0)
          (   0,    0) (   0,    0) (   0,    0) (   0,    0) (   0,    0) (   0,    0) (   0,    0) (   0,    0) (   0,    0) (   0,    0)
          (   0,    0) (   0,    0) (   0,    0) (   0,    0) (   0,    0) (   0,    0) (   0,    0) (   0,    0) (   0,    0) (   0,    0)
          (   0,    0) (   0,    0) (   0,    0) (   0,    0) (   0,    0) (   0,    0) (   0,    0) (   0,    0) (   0,    0) (   0,    0)
          (   0,    0) (   0,    0) (   0,    0) (   0,    0) (   0,    0) (   0,    0) (   0,    0) (   0,    0) (   0,    0) (   0,    0)
          (   0,    0) (   0,    0) (   0,    0) (   0,    0) (   0,    0) (   0,    0) (   0,    0) (   0,    0) (   0,    0) (   0,    0)
          (  36,    0) (  31,   31) (   0,   36) (   0,    0) (   0,    0) (   0,    0) (   0,    0) (   0,    0) (   0,    0) (   0,    0)
          (   0,    0) (   0,    0) (   0,    0) (   0,    0) (   0,    0) (   0,    0) (   0,    0) (   0,    0) (   0,    0) (   0,    0)
          (   0,    0) (   0,    0) (   0,    0) (   0,    0) (   0,    0) (   0,    0) (   0,    0) (   0,    0) (   0,    0) (   0,    0)
          (   0,    0) (   0,    0) (   0,    0) (   0,    0) (   0,    0) (   0,    0) (   0,    0) (   0,    0) (   0,    0) (   0,    0)
          (   0,    0) (   0,    0) (   0,    0) (   0,    0) (   0,    0) (   0,    0) (   0,    0) (   0,    0) (   0,    0) (   0,    0)
          (   0,    0) (   1,    1) (   0,    0) (   0,    0) (   0,    0) (   0,    0) (   0,    0) (   0,    0) (   0,    0) (   0,    0)
          (   0,    0) (   0,    0) (   0,    0) (   0,    0) (   0,    0) (   0,    0) (   0,    0) (   0,    0) (   0,    0) (   0,    0)
          (   0,    0) (   0,    0) (   0,    0) (   0,    0) (   0,    0) (   0,    0) (   0,    0) (   0,    0) (   0,    0) (   0,    0)
          (   0,    0) (   0,    0) (   0,    0) (   0,    0) (   0,    0) (   0,    0) (   0,    0) (   0,    0) (   0,    0) (   0,    0)
          (   0,    0) (   0,    0) (   0,    0) (   0,    0) (   0,    0) (   0,    0) (   0,    0) (   0,    0) (   0,    0) (   0,    0)
          (   0,    0) (   0,    0) (   0,    0) (   0,    0) (   0,    0) (   0,    0) (   0,    0) (   0,    0) (   0,    0) (   0,    0)
          (   0,    0) (   0,    0) (   0,    0) (   0,    0) (   0,    0) (   0,    0) (   0,    0) (   0,    0) (   0,    0) (   0,    0)
          (   0,    0) (   0,    0) (   0,    0) (   0,    0) (   0,    0) (   0,    0) (   0,    0) (   0,    0) (   0,    0) (   0,    0)
          (   0,    0) (   0,    0) (   0,    0) (   0,    0) (   0,    0) (   0,    0) (   0,    0) (   0,    0) (   0,    0) (   0,    0)
          (   0,    0) (   0,    0) (   0,    0) (   0,    0) (   0,    0) (   0,    0) (   0,    0) (   0,    0) (   0,    0) (   0,    0)
          (   0,    0) (   0,    0) (   0,    0) (   0,    0) (   0,    0) (   0,    0) (   0,    0) (   0,    0) (   0,    0) (   0,    0)
          (   0,    0) (   0,    0) (   0,    0) (   0,    0) (   0,    0) (   0,    0) (   0,    0) (   0,    0) (   0,    0) (   0,    0)
          (   0,    0) (   0,    0) (   0,    0) (   0,    0) (   0,    0) (   0,    0) (   0,    0) (   0,    0) (   0,    0) (   0,    0)
          (   0,    0) (   0,    0) (   0,    0) (   0,    0) (   0,    0) (   0,    0) (   0,    0) (   0,    0) (   0,    0) (   0,    0)
          (   0,    0) (   0,    0) (   0,    0) (   0,    0) (   0,    0) (   0,    0) (   0,    0) (   0,    0) (   0,    0) (   0,    0)
          (   0,    0) (   0,    0) (   0,    0) (   0,    0) (   0,    0) (   0,    0) (   0,    0) (   0,    0) (   0,    0) (   0,    0)
          (   0,    0) (   0,    0) (   0,    0) (   0,    0) (   0,    0) (   0,    0) (   0,    0) (   0,    0) (   0,    0) (   0,    0)
          (   0,    0) (   0,    0) (   0,    0) (   0,    0) (   0,    0) (   0,    0) (   0,    0) (   0,    0) (   0,    0) (   0,    0)
          (   0,    0) (   0,    0) (   0,    0) (   0,    0) (   0,    0) (   0,    0) (   0,    0) (   0,    0) (   0,    0) (   0,    0)
          (   0,    0) (   0,    0) (   0,    0) (   0,    0) (   0,    0) (   0,    0) (   0,    0) (   0,    0) (   0,    0) (   0,    0)
          (   0,    0) (   0,    0) (   0,    0) (   0,    0) (   0,    0) (   0,    0) (   0,    0) (   0,    0) (   0,    0) (   0,    0)
          (   0,    0) (   0,    0) (   0,    0) (   0,    0) (   0,    0) (   0,    0) (   0,    0) (   0,    0) (   0,    0) (   0,    0)
          (   0,    0) (   0,    0) (   0,    0) (   0,    0) (   0,    0) (   0,    0) (   0,    0) (   0,    0) (   0,    0) (   0,    0)
          (   0,    0) (   0,    0) (   0,    0) (   0,    0) (   0,    0) (   0,    0) (   0,    0) (   0,    0) (   0,    0) (   0,    0)
          (   0,    0) (   0,    0) (   0,    0) (   0,    0) (   0,    0) (   0,    0) (   0,    0) (   0,    0) (   0,    0) (   0,    0)
          (   0,    0) (   0,    0) (   0,    0) (   0,    0) (   0,    0) (   0,    0) (   0,    0) (   0,    0) (   0,    0) (   0,    0)
          (   0,    0) (   0,    0) (   0,    0) (   0,    0) (   0,    0) (   0,    0) (   0,    0) (   0,    0) (   0,    0) (   0,    0)
          (   0,    0) (   0,    0) (   0,    0) (   0,    0) (   0,    0) (   0,    0) (   0,    0) (   0,    0) (   0,    0) (   0,    0)
          (   0,    0) (   0,    0) (   0,    0) (   0,    0) (   0,    0) (   0,    0) (   0,    0) (   0,    0) (   0,    0) (   0,    0)
          (   0,    0) (   0,    0) (   0,    0) (   0,    0) (   0,    0) (   0,    0) (   0,    0) (   0,    0) (   0,    0) (   0,    0)
          (   0,    0) (   0,    0) (   0,    0) (   0,    0) (   0,    0) (   0,    0) (   0,    0) (   0,    0) (   0,    0) (   0,    0)
          (   0,    0) (   0,    0) (   0,    0) (   0,    0) (   0,    0) (   0,    0) (   0,    0) (   0,    0) (   0,    0) (   0,    0)
          (   0,    0) (   0,    0) (   0,    0) (   0,    0) (   0,    0) (   0,    0) (   0,    0) (   0,    0) (   0,    0) (   0,    0)
          (   0,    0) (   0,    0) (   0,    0) (   0,    0) (   0,    0) (   0,    0) (   0,    0) (   0,    0) (   0,    0) (   0,    0)
          (   0,    0) (   0,    0) (   0,    0) (   0,    0) (   0,    0) (   0,    0) (   0,    0) (   0,    0) (   0,    0) (   0,    0)
          (   0,    0) (   0,    0) (   0,    0) (   0,    0) (   0,    0) (   0,    0) (   0,    0) (   0,    0) (   0,    0) (   0,    0)
          (   0,    0) (   0,    0) (   0,    0) (   0,    0) (   0,    0) (   0,    0) (   0,    0) (   0,    0) (   0,    0) (   0,    0)
          (   0,    0) (   0,    0) (   0,    0) (   0,    0) (   0,    0) (   0,    0) (   0,    0) (   0,    0) (   0,    0) (   0,    0)
          (   0,    0) (   0,    0) (   0,    0) (   0,    0) (   0,    0) (   0,    0) (   0,    0) (   0,    0) (   0,    0) (   0,    0)
          (   0,    0) (   0,    0) (   0,    0) (   0,    0) (   0,    0) (   0,    0) (   0,    0) (   0,    0) (   0,    0) (   0,    0)
          (   0,    0) (   0,    0) (   0,    0) (   0,    0) (   0,    0) (   0,    0) (   0,    0) (   0,    0) (   0,    0) (   0,    0)
          (   0,    0) (   0,    0) (   0,    0) (   0,    0) (   0,    0) (   0,    0) (   0,    0) (   0,    0) (   0,    0) (   0,    0)
          (   0,    0) (   0,    0) (   0,    0) (   0,    0) (   0,    0) (   0,    0) (   0,    0) (   0,    0) (   0,    0) (   0,    0)
          (   0,    0) (   0,    0) (   0,    0) (   0,    0) (   0,    0) (   0,    0) (   0,    0) (   0,    0) (   0,    0) (   0,    0)
          (   0,    0) (   0,    0) (   0,    0) (   0,    0) (   0,    0) (   0,    0) (   0,    0) (   0,    0) (   0,    0) (   0,    0)
          (   0,    0) (   0,    0) (   0,    0) (   0,    0) (   0,    0) (   0,    0) (   0,    0) (   0,    0) (   0,    0) (   0,    0)
          (   0,    0) (   0,    0) (   0,    0) (   0,    0) (   0,    0) (   0,    0) (   0,    0) (   0,    0) (   0,    0) (   0,    0)
          (   0,    0) (   0,    0) (   0,    0) (   0,    0) (   0,    0) (   0,    0) (   0,    0) (   0,    0) (   0,    0) (   0,    0)
          (   0,    0) (   0,    0) (   0,    0) (   0,    0) (   0,    0) (   0,    0) (   0,    0) (   0,    0) (   0,    0) (   0,    0)
          (   0,    0) (   0,    0) (   0,    0) (   0,    0) (   0,    0) (   0,    0) (   0,    0) (   0,    0) (   0,    0) (   0,    0)
          (   0,    0) (   0,    0) (   0,    0) (   0,    0) (   0,    0) (   0,    0) (   0,    0) (   0,    0) (   0,    0) (   0,    0)
          (   0,    0) (   0,    0) (   0,    0) (   0,    0) (   0,    0) (   0,    0) (   0,    0) (   0,    0) (   0,    0) (   0,    0)
          (   0,    0) (   0,    0) (   0,    0) (   0,    0) (   0,    0) (   0,    0) (   0,    0) (   0,    0) (   0,    0) (   0,    0)
          (   0,    0) (   0,    0) (   0,    0) (   0,    0) (   0,    0) (   0,    0) (   0,    0) (   0,    0) (   0,    0) (   0,    0)
          (   0,    0) (   0,    0) (   0,    0) (   0,    0) (   0,    0) (   0,    0) (   0,    0) (   0,    0) (   0,    0) (   0,    0)
         
node   6 sent_total     68  recv_total     68

node   7  (   0,    0) (   0,    0) (   0,    0) (   0,    0) (   0,    0) (   0,    0) (   0,    0) (   0,    0) (   0,    0) (   0,    0)
          (   0,    0) (   0,    0) (   0,    0) (   0,    0) (   0,    0) (   0,    0) (   0,    0) (   0,    0) (   0,    0) (   0,    0)
          (   0,    0) (   0,    0) (   0,    0) (   0,    0) (   0,    0) (   0,    0) (   0,    0) (   0,    0) (   0,    0) (   0,    0)
          (   0,    0) (   0,    0) (   0,    0) (   0,    0) (   0,    0) (   0,    0) (   0,    0) (   0,    0) (   0,    0) (   0,    0)
          (   0,    0) (   0,    0) (   0,    0) (   0,    0) (   0,    0) (   0,    0) (   0,    0) (   0,    0) (   0,    0) (   0,    0)
          (   0,    0) (   0,    0) (   0,    0) (   0,    0) (   0,    0) (   0,    0) (   0,    0) (   0,    0) (   0,    0) (   0,    0)
          (   0,    0) (   0,    0) (   0,    0) (   0,    0) (   0,    0) (   0,    0) (   0,    0) (   0,    0) (   0,    0) (   0,    0)
          (   0,    0) (   0,    0) (   0,    0) (   0,    0) (   0,    0) (   0,    0) (   0,    0) (   0,    0) (   0,    0) (   0,    0)
          (   0,    0) (   0,    0) (   0,    0) (   0,    0) (   0,    0) (   0,    0) (   0,    0) (   0,    0) (   0,    0) (   0,    0)
          (   0,    0) (   0,    0) (   0,    0) (   0,    0) (   0,    0) (   0,    0) (   0,    0) (   0,    0) (   0,    0) (   0,    0)
          (  30,    0) (  34,   34) (   0,   30) (   0,    0) (   0,    0) (   0,    0) (   0,    0) (   0,    0) (   0,    0) (   0,    0)
          (   0,    0) (   0,    0) (   0,    0) (   0,    0) (   0,    0) (   0,    0) (   0,    0) (   0,    0) (   0,    0) (   0,    0)
          (   0,    0) (   0,    0) (   0,    0) (   0,    0) (   0,    0) (   0,    0) (   0,    0) (   0,    0) (   0,    0) (   0,    0)
          (   0,    0) (   0,    0) (   0,    0) (   0,    0) (   0,    0) (   0,    0) (   0,    0) (   0,    0) (   0,    0) (   0,    0)
          (   0,    0) (   0,    0) (   0,    0) (   0,    0) (   0,    0) (   0,    0) (   0,    0) (   0,    0) (   0,    0) (   0,    0)
          (   0,    0) (   1,    1) (   0,    0) (   0,    0) (   0,    0) (   0,    0) (   0,    0) (   0,    0) (   0,    0) (   0,    0)
          (   0,    0) (   0,    0) (   0,    0) (   0,    0) (   0,    0) (   0,    0) (   0,    0) (   0,    0) (   0,    0) (   0,    0)
          (   0,    0) (   0,    0) (   0,    0) (   0,    0) (   0,    0) (   3,    0) (   1,    1) (   0,    2) (   0,    0) (   0,    0)
          (   0,    0) (   0,    0) (   0,    0) (   0,    0) (   0,    0) (   0,    0) (   0,    0) (   0,    0) (   0,    0) (   0,    0)
          (   0,    0) (   0,    0) (   0,    0) (   0,    0) (   0,    0) (  14,    0) (   0,    0) (   0,    0) (   0,    0) (   0,    0)
          (   0,    0) (   0,    0) (   0,    0) (   0,    0) (   0,    0) (   0,    0) (   0,    0) (   0,    0) (   0,    0) (   0,    0)
          (   0,    0) (   0,    0) (   0,    0) (   0,    0) (   0,    0) (   0,    0) (   0,    0) (   0,    0) (   0,    0) (   0,    0)
          (   0,    0) (   0,    0) (   0,    0) (   0,    0) (   0,    0) (   0,    0) (   1,    1) (   0,    0) (   0,    0) (   0,    0)
          (   0,    0) (   0,    0) (   0,    0) (   0,    0) (   0,    0) (   0,    0) (   0,    0) (   0,    0) (   0,    0) (   0,    0)
          (   0,    0) (   0,    0) (   0,    0) (   0,    0) (   0,    0) (  14,    0) (  14,   22) (   0,    0) (   0,    0) (   0,    0)
          (   0,    0) (   0,    0) (   0,    0) (   0,    0) (   0,    0) (   0,    0) (   0,    0) (   0,    0) (   0,    0) (   0,    0)
          (   0,    0) (   0,    0) (   0,    0) (   0,    0) (   0,    0) (   0,    0) (   0,    0) (   0,    0) (   0,    0) (   0,    0)
          (   0,    0) (   0,    0) (   0,    0) (   0,    0) (   0,    0) (   0,    0) (   1,    1) (   0,    0) (   0,    0) (   0,    0)
          (   0,    0) (   0,    0) (   0,    0) (   0,    0) (   0,    0) (   3,    0) (   1,    1) (   0,    2) (   0,    0) (   0,    0)
          (   0,    0) (   0,    0) (   0,    0) (   0,    0) (   0,    0) (   0,    0) (   0,    0) (   0,    0) (   0,    0) (   0,    0)
          (   0,    0) (   0,    0) (   0,    0) (   0,    0) (   0,    0) (   0,    0) (   0,    0) (   0,    0) (   0,    0) (   0,    0)
          (   0,    0) (   0,    0) (   0,    0) (   0,    0) (   0,    0) (   0,    0) (   0,    0) (   0,    0) (   0,    0) (   0,    0)
          (   0,    0) (   0,    0) (   0,    0) (   0,    0) (   0,    0) (   0,    0) (   0,    0) (   0,    0) (   0,    0) (   0,    0)
          (   0,    0) (   0,    0) (   0,    0) (   0,    0) (   0,    0) (   0,    0) (   0,    0) (   0,    0) (   0,    0) (   0,    0)
          (   0,    0) (   0,    0) (   0,    0) (   0,    0) (   0,    0) (   0,    0) (   0,    0) (   0,    0) (   0,    0) (   0,    0)
          (   0,    0) (   0,    0) (   0,    0) (   0,    0) (   0,    0) (   0,    0) (   0,    0) (   0,    0) (   0,    0) (   0,    0)
          (   0,    0) (   0,    0) (   0,    0) (   0,    0) (   0,    0) (   0,    0) (   0,    0) (   0,    0) (   0,    0) (   0,    0)
          (   0,    0) (   0,    0) (   0,    0) (   0,    0) (   0,    0) (   0,    0) (   0,    0) (   0,    0) (   0,    0) (   0,    0)
          (   0,    0) (   0,    0) (   0,    0) (   0,    0) (   0,    0) (   0,    0) (   0,    0) (   0,    0) (   0,    0) (   0,    0)
          (   0,    0) (   0,    0) (   0,    0) (   0,    0) (   0,    0) (   0,    0) (   0,    0) (   0,    0) (   0,    0) (   0,    0)
          (   0,    0) (   0,    0) (   0,    0) (   0,    0) (   0,    0) (   0,    0) (   0,    0) (   0,    0) (   0,    0) (   0,    0)
          (   0,    0) (   0,    0) (   0,    0) (   0,    0) (   0,    0) (   0,    0) (   0,    0) (   0,    0) (   0,    0) (   0,    0)
          (   0,    0) (   0,    0) (   0,    0) (   0,    0) (   0,    0) (   0,    0) (   0,    0) (   0,    0) (   0,    0) (   0,    0)
          (   0,    0) (   0,    0) (   0,    0) (   0,    0) (   0,    0) (   0,    0) (   0,    0) (   0,    0) (   0,    0) (   0,    0)
          (   0,    0) (   0,    0) (   0,    0) (   0,    0) (   0,    0) (   0,    0) (   0,    0) (   0,    0) (   0,    0) (   0,    0)
          (   0,    0) (   0,    0) (   0,    0) (   0,    0) (   0,    0) (   0,    0) (   0,    0) (   0,    0) (   0,    0) (   0,    0)
          (   0,    0) (   0,    0) (   0,    0) (   0,    0) (   0,    0) (   0,    0) (   0,    0) (   0,    0) (   0,    0) (   0,    0)
          (   0,    0) (   0,    0) (   0,    0) (   0,    0) (   0,    0) (   0,    0) (   0,    0) (   0,    0) (   0,    0) (   0,    0)
          (   0,    0) (   0,    0) (   0,    0) (   0,    0) (   0,    0) (   0,    0) (   0,    0) (   0,    0) (   0,    0) (   0,    0)
          (   0,    0) (   0,    0) (   0,    0) (   0,    0) (   0,    0) (   0,    0) (   0,    0) (   0,    0) (   0,    0) (   0,    0)
          (   0,    0) (   0,    0) (   0,    0) (   0,    0) (   0,    0) (   0,    0) (   0,    0) (   0,    0) (   0,    0) (   0,    0)
          (   0,    0) (   0,    0) (   0,    0) (   0,    0) (   0,    0) (   0,    0) (   0,    0) (   0,    0) (   0,    0) (   0,    0)
          (   0,    0) (   0,    0) (   0,    0) (   0,    0) (   0,    0) (   0,    0) (   0,    0) (   0,    0) (   0,    0) (   0,    0)
          (   0,    0) (   0,    0) (   0,    0) (   0,    0) (   0,    0) (   0,    0) (   0,    0) (   0,    0) (   0,    0) (   0,    0)
          (   0,    0) (   0,    0) (   0,    0) (   0,    0) (   0,    0) (   0,    0) (   0,    0) (   0,    0) (   0,    0) (   0,    0)
          (   0,    0) (   0,    0) (   0,    0) (   0,    0) (   0,    0) (   0,    0) (   0,    0) (   0,    0) (   0,    0) (   0,    0)
          (   0,    0) (   0,    0) (   0,    0) (   0,    0) (   0,    0) (   0,    0) (   0,    0) (   0,    0) (   0,    0) (   0,    0)
          (   0,    0) (   0,    0) (   0,    0) (   0,    0) (   0,    0) (   0,    0) (   0,    0) (   0,    0) (   0,    0) (   0,    0)
          (   0,    0) (   0,    0) (   0,    0) (   0,    0) (   0,    0) (   0,    0) (   0,    0) (   0,    0) (   0,    0) (   0,    0)
          (   0,    0) (   0,    0) (   0,    0) (   0,    0) (   0,    0) (   0,    0) (   0,    0) (   0,    0) (   0,    0) (   0,    0)
          (   0,    0) (   0,    0) (   0,    0) (   0,    0) (   0,    0) (   0,    0) (   0,    0) (   0,    0) (   0,    0) (   0,    0)
          (   0,    0) (   0,    0) (   0,    0) (   0,    0) (   0,    0) (   0,    0) (   0,    0) (   0,    0) (   0,    0) (   0,    0)
          (   0,    0) (   0,    0) (   0,    0) (   0,    0) (   0,    0) (   0,    0) (   0,    0) (   0,    0) (   0,    0) (   0,    0)
          (   0,    0) (   0,    0) (   0,    0) (   0,    0) (   0,    0) (   0,    0) (   0,    0) (   0,    0) (   0,    0) (   0,    0)
          (   0,    0) (   0,    0) (   0,    0) (   0,    0) (   0,    0) (   0,    0) (   0,    0) (   0,    0) (   0,    0) (   0,    0)
          (   0,    0) (   0,    0) (   0,    0) (   0,    0) (   0,    0) (   0,    0) (   0,    0) (   0,    0) (   0,    0) (   0,    0)
          (   0,    0) (   0,    0) (   0,    0) (   0,    0) (   0,    0) (   0,    0) (   0,    0) (   0,    0) (   0,    0) (   0,    0)
          (   0,    0) (   0,    0) (   0,    0) (   0,    0) (   0,    0) (   0,    0) (   0,    0) (   0,    0) (   0,    0) (   0,    0)
          (   0,    0) (   0,    0) (   0,    0) (   0,    0) (   0,    0) (   0,    0) (   0,    0) (   0,    0) (   0,    0) (   0,    0)
          (   0,    0) (   0,    0) (   0,    0) (   0,    0) (   0,    0) (   0,    0) (   0,    0) (   0,    0) (   0,    0) (   0,    0)
         
node   7 sent_total    117  recv_total     95

node   8  (   0,    0) (   0,    0) (   0,    0) (   0,    0) (   0,    0) (   0,    0) (   0,    0) (   0,    0) (   0,    0) (   0,    0)
          (   0,    0) (   0,    0) (   0,    0) (   0,    0) (   0,    0) (   0,    0) (   0,    0) (   0,    0) (   0,    0) (   0,    0)
          (   0,    0) (   0,    0) (   0,    0) (   0,    0) (   0,    0) (   0,    0) (   0,    0) (   0,    0) (   0,    0) (   0,    0)
          (   0,    0) (   0,    0) (   0,    0) (   0,    0) (   0,    0) (   0,    0) (   0,    0) (   0,    0) (   0,    0) (   0,    0)
          (   0,    0) (   0,    0) (   0,    0) (   0,    0) (   0,    0) (   0,    0) (   0,    0) (   0,    0) (   0,    0) (   0,    0)
          (   0,    0) (   0,    0) (   0,    0) (   0,    0) (   0,    0) (   0,    0) (   0,    0) (   0,    0) (   0,    0) (   0,    0)
          (   0,    0) (   0,    0) (   0,    0) (   0,    0) (   0,    0) (   0,    0) (   0,    0) (   0,    0) (   0,    0) (   0,    0)
          (   0,    0) (   0,    0) (   0,    0) (   0,    0) (   0,    0) (   0,    0) (   0,    0) (   0,    0) (   0,    0) (   0,    0)
          (   0,    0) (   0,    0) (   0,    0) (   0,    0) (   0,    0) (   0,    0) (   0,    0) (   0,    0) (   0,    0) (   0,    0)
          (   0,    0) (   0,    0) (   0,    0) (   0,    0) (   0,    0) (   0,    0) (   0,    0) (   0,    0) (   0,    0) (   0,    0)
          (  21,    0) (  50,   50) (   0,   21) (   0,    0) (   0,    0) (   0,    0) (   0,    0) (   0,    0) (   0,    0) (   0,    0)
          (   0,    0) (   0,    0) (   0,    0) (   0,    0) (   0,    0) (   0,    0) (   0,    0) (   0,    0) (   0,    0) (   0,    0)
          (   0,    0) (   0,    0) (   0,    0) (   0,    0) (   0,    0) (   0,    0) (   0,    0) (   0,    0) (   0,    0) (   0,    0)
          (   0,    0) (   0,    0) (   0,    0) (   0,    0) (   0,    0) (   0,    0) (   0,    0) (   0,    0) (   0,    0) (   0,    0)
          (   0,    0) (   0,    0) (   0,    0) (   0,    0) (   0,    0) (   0,    0) (   0,    0) (   0,    0) (   0,    0) (   0,    0)
          (   0,    0) (   1,    1) (   0,    0) (   0,    0) (   0,    0) (   0,    0) (   0,    0) (   0,    0) (   0,    0) (   0,    0)
          (   0,    0) (   0,    0) (   0,    0) (   0,    0) (   0,    0) (   0,    0) (   0,    0) (   0,    0) (   0,    0) (   0,    0)
          (   0,    0) (   0,    0) (   0,    0) (   0,    0) (   0,    0) (   0,    0) (   1,    1) (   0,    0) (   0,    0) (   0,    0)
          (   0,    0) (   0,    0) (   0,    0) (   0,    0) (   0,    0) (   0,    0) (   0,    0) (   0,    0) (   0,    0) (   0,    0)
          (   0,    0) (   0,    0) (   0,    0) (   0,    0) (   0,    0) (  42,    7) (   0,    0) (   0,    0) (   0,    0) (   0,    0)
          (   0,    0) (   0,    0) (   0,    0) (   0,    0) (   0,    0) (   0,    0) (   0,    0) (   0,    0) (   0,    0) (   0,    0)
          (   0,    0) (   0,    0) (   0,    0) (   0,    0) (   0,    0) (   0,    0) (   0,    0) (   0,    0) (   0,    0) (   0,    0)
          (   0,    0) (   0,    0) (   0,    0) (   0,    0) (   0,    0) (   0,    0) (   0,    0) (   0,    0) (   0,    0) (   0,    0)
          (   0,    0) (   0,    0) (   0,    0) (   0,    0) (   0,    0) (   0,    0) (   0,    0) (   0,    0) (   0,    0) (   0,    0)
          (   0,    0) (   0,    0) (   0,    0) (   0,    0) (   0,    0) (   0,    0) (   0,    0) (   0,    0) (   0,    0) (   0,    0)
          (   0,    0) (   0,    0) (   0,    0) (   0,    0) (   0,    0) (   0,    0) (   0,    0) (   0,    0) (   0,    0) (   0,    0)
          (   0,    0) (   0,    0) (   0,    0) (   0,    0) (   0,    0) (   0,    0) (   0,    0) (   0,    0) (   0,    0) (   0,    0)
          (   0,    0) (   0,    0) (   0,    0) (   0,    0) (   0,    0) (   0,    0) (   0,    0) (   0,    0) (   0,    0) (   0,    0)
          (   0,    0) (   0,    0) (   0,    0) (   0,    0) (   0,    0) (   0,    0) (   0,    0) (   0,    0) (   0,    0) (   0,    0)
          (   0,    0) (   0,    0) (   0,    0) (   0,    0) (   0,    0) (   0,    0) (   0,    0) (   0,    0) (   0,    0) (   0,    0)
          (   0,    0) (   0,    0) (   0,    0) (   0,    0) (   0,    0) (   0,    0) (   0,    0) (   0,    0) (   0,    0) (   0,    0)
          (   0,    0) (   0,    0) (   0,    0) (   0,    0) (   0,    0) (   0,    0) (   0,    0) (   0,    0) (   0,    0) (   0,    0)
          (   0,    0) (   0,    0) (   0,    0) (   0,    0) (   0,    0) (   0,    0) (   0,    0) (   0,    0) (   0,    0) (   0,    0)
          (   0,    0) (   0,    0) (   0,    0) (   0,    0) (   0,    0) (   0,    0) (   0,    0) (   0,    0) (   0,    0) (   0,    0)
          (   0,    0) (   0,    0) (   0,    0) (   0,    0) (   0,    0) (   0,    0) (   0,    0) (   0,    0) (   0,    0) (   0,    0)
          (   0,    0) (   0,    0) (   0,    0) (   0,    0) (   0,    0) (   0,    0) (   0,    0) (   0,    0) (   0,    0) (   0,    0)
          (   0,    0) (   0,    0) (   0,    0) (   0,    0) (   0,    0) (   0,    0) (   0,    0) (   0,    0) (   0,    0) (   0,    0)
          (   0,    0) (   0,    0) (   0,    0) (   0,    0) (   0,    0) (   0,    0) (   0,    0) (   0,    0) (   0,    0) (   0,    0)
          (   0,    0) (   0,    0) (   0,    0) (   0,    0) (   0,    0) (   0,    0) (   0,    0) (   0,    0) (   0,    0) (   0,    0)
          (   0,    0) (   0,    0) (   0,    0) (   0,    0) (   0,    0) (   0,    0) (   0,    0) (   0,    0) (   0,    0) (   0,    0)
          (   0,    0) (   0,    0) (   0,    0) (   0,    0) (   0,    0) (   0,    0) (   0,    0) (   0,    0) (   0,    0) (   0,    0)
          (   0,    0) (   0,    0) (   0,    0) (   0,    0) (   0,    0) (   0,    0) (   0,    0) (   0,    0) (   0,    0) (   0,    0)
          (   0,    0) (   0,    0) (   0,    0) (   0,    0) (   0,    0) (   0,    0) (   0,    0) (   0,    0) (   0,    0) (   0,    0)
          (   0,    0) (   0,    0) (   0,    0) (   0,    0) (   0,    0) (   0,    0) (   0,    0) (   0,    0) (   0,    0) (   0,    0)
          (   0,    0) (   0,    0) (   0,    0) (   0,    0) (   0,    0) (   0,    0) (   0,    0) (   0,    0) (   0,    0) (   0,    0)
          (   0,    0) (   0,    0) (   0,    0) (   0,    0) (   0,    0) (   0,    0) (   0,    0) (   0,    0) (   0,    0) (   0,    0)
          (   0,    0) (   0,    0) (   0,    0) (   0,    0) (   0,    0) (   0,    0) (   0,    0) (   0,    0) (   0,    0) (   0,    0)
          (   0,    0) (   0,    0) (   0,    0) (   0,    0) (   0,    0) (   0,    0) (   0,    0) (   0,    0) (   0,    0) (   0,    0)
          (   0,    0) (   0,    0) (   0,    0) (   0,    0) (   0,    0) (   0,    0) (   0,    0) (   0,    0) (   0,    0) (   0,    0)
          (   0,    0) (   0,    0) (   0,    0) (   0,    0) (   0,    0) (   0,    0) (   0,    0) (   0,    0) (   0,    0) (   0,    0)
          (   0,    0) (   0,    0) (   0,    0) (   0,    0) (   0,    0) (   0,    0) (   0,    0) (   0,    0) (   0,    0) (   0,    0)
          (   0,    0) (   0,    0) (   0,    0) (   0,    0) (   0,    0) (   0,    0) (   0,    0) (   0,    0) (   0,    0) (   0,    0)
          (   0,    0) (   0,    0) (   0,    0) (   0,    0) (   0,    0) (   0,    0) (   0,    0) (   0,    0) (   0,    0) (   0,    0)
          (   0,    0) (   0,    0) (   0,    0) (   0,    0) (   0,    0) (   0,    0) (   0,    0) (   0,    0) (   0,    0) (   0,    0)
          (   0,    0) (   0,    0) (   0,    0) (   0,    0) (   0,    0) (   0,    0) (   0,    0) (   0,    0) (   0,    0) (   0,    0)
          (   0,    0) (   0,    0) (   0,    0) (   0,    0) (   0,    0) (   0,    0) (   0,    0) (   0,    0) (   0,    0) (   0,    0)
          (   0,    0) (   0,    0) (   0,    0) (   0,    0) (   0,    0) (   0,    0) (   0,    0) (   0,    0) (   0,    0) (   0,    0)
          (   0,    0) (   0,    0) (   0,    0) (   0,    0) (   0,    0) (   0,    0) (   0,    0) (   0,    0) (   0,    0) (   0,    0)
          (   0,    0) (   0,    0) (   0,    0) (   0,    0) (   0,    0) (   0,    0) (   0,    0) (   0,    0) (   0,    0) (   0,    0)
          (   0,    0) (   0,    0) (   0,    0) (   0,    0) (   0,    0) (   0,    0) (   0,    0) (   0,    0) (   0,    0) (   0,    0)
          (   0,    0) (   0,    0) (   0,    0) (   0,    0) (   0,    0) (   0,    0) (   0,    0) (   0,    0) (   0,    0) (   0,    0)
          (   0,    0) (   0,    0) (   0,    0) (   0,    0) (   0,    0) (   0,    0) (   0,    0) (   0,    0) (   0,    0) (   0,    0)
          (   0,    0) (   0,    0) (   0,    0) (   0,    0) (   0,    0) (   0,    0) (   0,    0) (   0,    0) (   0,    0) (   0,    0)
          (   0,    0) (   0,    0) (   0,    0) (   0,    0) (   0,    0) (   0,    0) (   0,    0) (   0,    0) (   0,    0) (   0,    0)
          (   0,    0) (   0,    0) (   0,    0) (   0,    0) (   0,    0) (   0,    0) (   0,    0) (   0,    0) (   0,    0) (   0,    0)
          (   0,    0) (   0,    0) (   0,    0) (   0,    0) (   0,    0) (   0,    0) (   0,    0) (   0,    0) (   0,    0) (   0,    0)
          (   0,    0) (   0,    0) (   0,    0) (   0,    0) (   0,    0) (   0,    0) (   0,    0) (   0,    0) (   0,    0) (   0,    0)
          (   0,    0) (   0,    0) (   0,    0) (   0,    0) (   0,    0) (   0,    0) (   0,    0) (   0,    0) (   0,    0) (   0,    0)
          (   0,    0) (   0,    0) (   0,    0) (   0,    0) (   0,    0) (   0,    0) (   0,    0) (   0,    0) (   0,    0) (   0,    0)
          (   0,    0) (   0,    0) (   0,    0) (   0,    0) (   0,    0) (   0,    0) (   0,    0) (   0,    0) (   0,    0) (   0,    0)
         
node   8 sent_total    115  recv_total     80

node   9  (   0,    0) (   0,    0) (   0,    0) (   0,    0) (   0,    0) (   0,    0) (   0,    0) (   0,    0) (   0,    0) (   0,    0)
          (   0,    0) (   0,    0) (   0,    0) (   0,    0) (   0,    0) (   0,    0) (   0,    0) (   0,    0) (   0,    0) (   0,    0)
          (   0,    0) (   0,    0) (   0,    0) (   0,    0) (   0,    0) (   0,    0) (   0,    0) (   0,    0) (   0,    0) (   0,    0)
          (   0,    0) (   0,    0) (   0,    0) (   0,    0) (   0,    0) (   0,    0) (   0,    0) (   0,    0) (   0,    0) (   0,    0)
          (   0,    0) (   0,    0) (   0,    0) (   0,    0) (   0,    0) (   0,    0) (   0,    0) (   0,    0) (   0,    0) (   0,    0)
          (   0,    0) (   0,    0) (   0,    0) (   0,    0) (   0,    0) (   0,    0) (   0,    0) (   0,    0) (   0,    0) (   0,    0)
          (   0,    0) (   0,    0) (   0,    0) (   0,    0) (   0,    0) (   0,    0) (   0,    0) (   0,    0) (   0,    0) (   0,    0)
          (   0,    0) (   0,    0) (   0,    0) (   0,    0) (   0,    0) (   0,    0) (   0,    0) (   0,    0) (   0,    0) (   0,    0)
          (   0,    0) (   0,    0) (   0,    0) (   0,    0) (   0,    0) (   0,    0) (   0,    0) (   0,    0) (   0,    0) (   0,    0)
          (   0,    0) (   0,    0) (   0,    0) (   0,    0) (   0,    0) (   0,    0) (   0,    0) (   0,    0) (   0,    0) (   0,    0)
          (  42,    0) (  33,   33) (   0,   42) (   0,    0) (   0,    0) (   0,    0) (   0,    0) (   0,    0) (   0,    0) (   0,    0)
          (   0,    0) (   0,    0) (   0,    0) (   0,    0) (   0,    0) (   0,    0) (   0,    0) (   0,    0) (   0,    0) (   0,    0)
          (   0,    0) (   0,    0) (   0,    0) (   0,    0) (   0,    0) (   0,    0) (   0,    0) (   0,    0) (   0,    0) (   0,    0)
          (   0,    0) (   0,    0) (   0,    0) (   0,    0) (   0,    0) (   0,    0) (   0,    0) (   0,    0) (   0,    0) (   0,    0)
          (   0,    0) (   0,    0) (   0,    0) (   0,    0) (   0,    0) (   0,    0) (   0,    0) (   0,    0) (   0,    0) (   0,    0)
          (   0,    0) (   0,    0) (   0,    0) (   0,    0) (   0,    0) (   0,    0) (   0,    0) (   0,    0) (   0,    0) (   0,    0)
          (   0,    0) (   0,    0) (   0,    0) (   0,    0) (   0,    0) (   0,    0) (   0,    0) (   0,    0) (   0,    0) (   0,    0)
          (   0,    0) (   0,    0) (   0,    0) (   0,    0) (   0,    0) (   0,    0) (   0,    0) (   0,    0) (   0,    0) (   0,    0)
          (   0,    0) (   0,    0) (   0,    0) (   0,    0) (   0,    0) (   0,    0) (   0,    0) (   0,    0) (   0,    0) (   0,    0)
          (   0,    0) (   0,    0) (   0,    0) (   0,    0) (   0,    0) (   0,    0) (   0,    0) (   0,    0) (   0,    0) (   0,    0)
          (   0,    0) (   0,    0) (   0,    0) (   0,    0) (   0,    0) (   0,    0) (   0,    0) (   0,    0) (   0,    0) (   0,    0)
          (   0,    0) (   0,    0) (   0,    0) (   0,    0) (   0,    0) (   0,    0) (   0,    0) (   0,    0) (   0,    0) (   0,    0)
          (   0,    0) (   0,    0) (   0,    0) (   0,    0) (   0,    0) (   0,    0) (   0,    0) (   0,    0) (   0,    0) (   0,    0)
          (   0,    0) (   0,    0) (   0,    0) (   0,    0) (   0,    0) (   0,    0) (   0,    0) (   0,    0) (   0,    0) (   0,    0)
          (   0,    0) (   0,    0) (   0,    0) (   0,    0) (   0,    0) (   0,    0) (   0,    0) (   0,    0) (   0,    0) (   0,    0)
          (   0,    0) (   0,    0) (   0,    0) (   0,    0) (   0,    0) (   0,    0) (   0,    0) (   0,    0) (   0,    0) (   0,    0)
          (   0,    0) (   0,    0) (   0,    0) (   0,    0) (   0,    0) (   0,    0) (   0,    0) (   0,    0) (   0,    0) (   0,    0)
          (   0,    0) (   0,    0) (   0,    0) (   0,    0) (   0,    0) (   3,    0) (   0,    0) (   0,    3) (   0,    0) (   0,    0)
          (   0,    0) (   0,    0) (   0,    0) (   0,    0) (   0,    0) (   0,    0) (   0,    0) (   0,    0) (   0,    0) (   0,    0)
          (   0,    0) (   0,    0) (   0,    0) (   0,    0) (   0,    0) (   0,    0) (   0,    0) (   0,    0) (   0,    0) (   0,    0)
          (   0,    0) (   0,    0) (   0,    0) (   0,    0) (   0,    0) (   5,    0) (   0,   28) (   0,    0) (   0,    0) (   0,    0)
          (   0,    0) (   0,    0) (   0,    0) (   0,    0) (   0,    0) (   0,    0) (   0,    0) (   0,    0) (   0,    0) (   0,    0)
          (   0,    0) (   0,    0) (   0,    0) (   0,    0) (   0,    0) (   0,    0) (   0,    0) (   0,    0) (   0,    0) (   0,    0)
          (   0,    0) (   0,    0) (   0,    0) (   0,    0) (   0,    0) (   0,    0) (   0,    0) (   0,    0) (   0,    0) (   0,    0)
          (   0,    0) (   0,    0) (   0,    0) (   0,    0) (   0,    0) (   0,    0) (   0,    0) (   0,    0) (   0,    0) (   0,    0)
          (   0,    0) (   0,    0) (   0,    0) (   0,    0) (   0,    0) (   0,    0) (   0,    0) (   0,    0) (   0,    0) (   0,    0)
          (   0,    0) (   0,    0) (   0,    0) (   0,    0) (   0,    0) (   0,    0) (   0,    0) (   0,    0) (   0,    0) (   0,    0)
          (   0,    0) (   0,    0) (   0,    0) (   0,    0) (   0,    0) (   0,    0) (   0,    0) (   0,    0) (   0,    0) (   0,    0)
          (   0,    0) (   0,    0) (   0,    0) (   0,    0) (   0,    0) (   0,    0) (   0,    0) (   0,    0) (   0,    0) (   0,    0)
          (   0,    0) (   0,    0) (   0,    0) (   0,    0) (   0,    0) (   0,    0) (   0,    0) (   0,    0) (   0,    0) (   0,    0)
          (   0,    0) (   0,    0) (   0,    0) (   0,    0) (   0,    0) (   0,    0) (   0,    0) (   0,    0) (   0,    0) (   0,    0)
          (   0,    0) (   0,    0) (   0,    0) (   0,    0) (   0,    0) (   0,    0) (   0,    0) (   0,    0) (   0,    0) (   0,    0)
          (   0,    0) (   0,    0) (   0,    0) (   0,    0) (   0,    0) (   0,    0) (   0,    0) (   0,    0) (   0,    0) (   0,    0)
          (   0,    0) (   0,    0) (   0,    0) (   0,    0) (   0,    0) (   0,    0) (   0,    0) (   0,    0) (   0,    0) (   0,    0)
          (   0,    0) (   0,    0) (   0,    0) (   0,    0) (   0,    0) (   0,    0) (   0,    0) (   0,    0) (   0,    0) (   0,    0)
          (   0,    0) (   0,    0) (   0,    0) (   0,    0) (   0,    0) (   0,    0) (   0,    0) (   0,    0) (   0,    0) (   0,    0)
          (   0,    0) (   0,    0) (   0,    0) (   0,    0) (   0,    0) (   0,    0) (   0,    0) (   0,    0) (   0,    0) (   0,    0)
          (   0,    0) (   0,    0) (   0,    0) (   0,    0) (   0,    0) (   0,    0) (   0,    0) (   0,    0) (   0,    0) (   0,    0)
          (   0,    0) (   0,    0) (   0,    0) (   0,    0) (   0,    0) (   0,    0) (   0,    0) (   0,    0) (   0,    0) (   0,    0)
          (   0,    0) (   0,    0) (   0,    0) (   0,    0) (   0,    0) (   0,    0) (   0,    0) (   0,    0) (   0,    0) (   0,    0)
          (   0,    0) (   0,    0) (   0,    0) (   0,    0) (   0,    0) (   0,    0) (   0,    0) (   0,    0) (   0,    0) (   0,    0)
          (   0,    0) (   0,    0) (   0,    0) (   0,    0) (   0,    0) (   0,    0) (   0,    0) (   0,    0) (   0,    0) (   0,    0)
          (   0,    0) (   0,    0) (   0,    0) (   0,    0) (   0,    0) (   0,    0) (   0,    0) (   0,    0) (   0,    0) (   0,    0)
          (   0,    0) (   0,    0) (   0,    0) (   0,    0) (   0,    0) (   0,    0) (   0,    0) (   0,    0) (   0,    0) (   0,    0)
          (   0,    0) (   0,    0) (   0,    0) (   0,    0) (   0,    0) (   0,    0) (   0,    0) (   0,    0) (   0,    0) (   0,    0)
          (   0,    0) (   0,    0) (   0,    0) (   0,    0) (   0,    0) (   0,    0) (   0,    0) (   0,    0) (   0,    0) (   0,    0)
          (   0,    0) (   0,    0) (   0,    0) (   0,    0) (   0,    0) (   0,    0) (   0,    0) (   0,    0) (   0,    0) (   0,    0)
          (   0,    0) (   0,    0) (   0,    0) (   0,    0) (   0,    0) (   0,    0) (   0,    0) (   0,    0) (   0,    0) (   0,    0)
          (   0,    0) (   0,    0) (   0,    0) (   0,    0) (   0,    0) (   0,    0) (   0,    0) (   0,    0) (   0,    0) (   0,    0)
          (   0,    0) (   0,    0) (   0,    0) (   0,    0) (   0,    0) (   0,    0) (   0,    0) (   0,    0) (   0,    0) (   0,    0)
          (   0,    0) (   0,    0) (   0,    0) (   0,    0) (   0,    0) (   0,    0) (   0,    0) (   0,    0) (   0,    0) (   0,    0)
          (   0,    0) (   0,    0) (   0,    0) (   0,    0) (   0,    0) (   0,    0) (   0,    0) (   0,    0) (   0,    0) (   0,    0)
          (   0,    0) (   0,    0) (   0,    0) (   0,    0) (   0,    0) (   0,    0) (   0,    0) (   0,    0) (   0,    0) (   0,    0)
          (   0,    0) (   0,    0) (   0,    0) (   0,    0) (   0,    0) (   0,    0) (   0,    0) (   0,    0) (   0,    0) (   0,    0)
          (   0,    0) (   0,    0) (   0,    0) (   0,    0) (   0,    0) (   0,    0) (   0,    0) (   0,    0) (   0,    0) (   0,    0)
          (   0,    0) (   0,    0) (   0,    0) (   0,    0) (   0,    0) (   0,    0) (   0,    0) (   0,    0) (   0,    0) (   0,    0)
          (   0,    0) (   0,    0) (   0,    0) (   0,    0) (   0,    0) (   0,    0) (   0,    0) (   0,    0) (   0,    0) (   0,    0)
          (   0,    0) (   0,    0) (   0,    0) (   0,    0) (   0,    0) (   0,    0) (   0,    0) (   0,    0) (   0,    0) (   0,    0)
          (   0,    0) (   0,    0) (   0,    0) (   0,    0) (   0,    0) (   0,    0) (   0,    0) (   0,    0) (   0,    0) (   0,    0)
          (   0,    0) (   0,    0) (   0,    0) (   0,    0) (   0,    0) (   0,    0) (   0,    0) (   0,    0) (   0,    0) (   0,    0)
         
node   9 sent_total     83  recv_total    106

node  10  (   0,    0) (   0,    0) (   0,    0) (   0,    0) (   0,    0) (   0,    0) (   0,    0) (   0,    0) (   0,    0) (   0,    0)
          (   0,    0) (   0,    0) (   0,    0) (   0,    0) (   0,    0) (   0,    0) (   0,    0) (   0,    0) (   0,    0) (   0,    0)
          (   0,    0) (   0,    0) (   0,    0) (   0,    0) (   0,    0) (   0,    0) (   0,    0) (   0,    0) (   0,    0) (   0,    0)
          (   0,    0) (   0,    0) (   0,    0) (   0,    0) (   0,    0) (   0,    0) (   0,    0) (   0,    0) (   0,    0) (   0,    0)
          (   0,    0) (   0,    0) (   0,    0) (   0,    0) (   0,    0) (   0,    0) (   0,    0) (   0,    0) (   0,    0) (   0,    0)
          (   0,    0) (   0,    0) (   0,    0) (   0,    0) (   0,    0) (   0,    0) (   0,    0) (   0,    0) (   0,    0) (   0,    0)
          (   0,    0) (   0,    0) (   0,    0) (   0,    0) (   0,    0) (   0,    0) (   0,    0) (   0,    0) (   0,    0) (   0,    0)
          (   0,    0) (   0,    0) (   0,    0) (   0,    0) (   0,    0) (   0,    0) (   0,    0) (   0,    0) (   0,    0) (   0,    0)
          (   0,    0) (   0,    0) (   0,    0) (   0,    0) (   0,    0) (   0,    0) (   0,    0) (   0,    0) (   0,    0) (   0,    0)
          (   0,    0) (   0,    0) (   0,    0) (   0,    0) (   0,    0) (   0,    0) (   0,    0) (   0,    0) (   0,    0) (   0,    0)
          (  36,    0) (  28,   28) (   0,   36) (   0,    0) (   0,    0) (   0,    0) (   0,    0) (   0,    0) (   0,    0) (   0,    0)
          (   0,    0) (   0,    0) (   0,    0) (   0,    0) (   0,    0) (   0,    0) (   0,    0) (   0,    0) (   0,    0) (   0,    0)
          (   0,    0) (   0,    0) (   0,    0) (   0,    0) (   0,    0) (   0,    0) (   0,    0) (   0,    0) (   0,    0) (   0,    0)
          (   0,    0) (   0,    0) (   0,    0) (   0,    0) (   0,    0) (   0,    0) (   0,    0) (   0,    0) (   0,    0) (   0,    0)
          (   0,    0) (   0,    0) (   0,    0) (   0,    0) (   0,    0) (   0,    0) (   0,    0) (   0,    0) (   0,    0) (   0,    0)
          (   3,    0) (   0,    0) (   0,    3) (   0,    0) (   0,    0) (   0,    0) (   0,    0) (   0,    0) (   0,    0) (   0,    0)
          (   0,    0) (   0,    0) (   0,    0) (   0,    0) (   0,    0) (   0,    0) (   0,    0) (   0,    0) (   0,    0) (   0,    0)
          (   0,    0) (   0,    0) (   0,    0) (   0,    0) (   0,    0) (   0,    0) (   0,    0) (   0,    0) (   0,    0) (   0,    0)
          (   0,    0) (   0,    0) (   0,    0) (   0,    0) (   0,    0) (   0,    0) (   0,    0) (   0,    0) (   0,    0) (   0,    0)
          (   0,    0) (   0,    0) (   0,    0) (   0,    0) (   0,    0) (   0,    0) (   0,    0) (   0,    0) (   0,    0) (   0,    0)
          (   0,    0) (   0,    0) (   0,    0) (   0,    0) (   0,    0) (   0,    0) (   0,    0) (   0,    0) (   0,    0) (   0,    0)
          (   0,    0) (   0,    0) (   0,    0) (   0,    0) (   0,    0) (   0,    0) (   0,    0) (   0,    0) (   0,    0) (   0,    0)
          (   0,    0) (   0,    0) (   0,    0) (   0,    0) (   0,    0) (   0,    0) (   0,    0) (   0,    0) (   0,    0) (   0,    0)
          (   0,    0) (   0,    0) (   0,    0) (   0,    0) (   0,    0) (   0,    0) (   0,    0) (   0,    0) (   0,    0) (   0,    0)
          (   0,    0) (   0,    0) (   0,    0) (   0,    0) (   0,    0) (   0,    0) (   0,    0) (   0,    0) (   0,    0) (   0,    0)
          (   0,    0) (   0,    0) (   0,    0) (   0,    0) (   0,    0) (   0,    0) (   0,    0) (   0,    0) (   0,    0) (   0,    0)
          (   0,    0) (   0,    0) (   0,    0) (   0,    0) (   0,    0) (   0,    0) (   0,    0) (   0,    0) (   0,    0) (   0,    0)
          (   0,    0) (   0,    0) (   0,    0) (   0,    0) (   0,    0) (   0,    0) (   0,    0) (   0,    0) (   0,    0) (   0,    0)
          (   0,    0) (   0,    0) (   0,    0) (   0,    0) (   0,    0) (   0,    0) (   0,    0) (   0,    0) (   0,    0) (   0,    0)
          (   0,    0) (   0,    0) (   0,    0) (   0,    0) (   0,    0) (   0,    0) (   0,    0) (   0,    0) (   0,    0) (   0,    0)
          (   0,    0) (   0,    0) (   0,    0) (   0,    0) (   0,    0) (  31,    3) (   0,    0) (   0,    0) (   0,    0) (   0,    0)
          (   0,    0) (   0,    0) (   0,    0) (   0,    0) (   0,    0) (   0,    0) (   0,    0) (   0,    0) (   0,    0) (   0,    0)
          (   0,    0) (   0,    0) (   0,    0) (   0,    0) (   0,    0) (   0,    0) (   0,    0) (   0,    0) (   0,    0) (   0,    0)
          (   0,    0) (   0,    0) (   0,    0) (   0,    0) (   0,    0) (   0,    0) (   0,    0) (   0,    0) (   0,    0) (   0,    0)
          (   0,    0) (   0,    0) (   0,    0) (   0,    0) (   0,    0) (   0,    0) (   0,    0) (   0,    0) (   0,    0) (   0,    0)
          (   0,    0) (   0,    0) (   0,    0) (   0,    0) (   0,    0) (   0,    0) (   0,    0) (   0,    0) (   0,    0) (   0,    0)
          (   0,    0) (   0,    0) (   0,    0) (   0,    0) (   0,    0) (   0,    0) (   0,    0) (   0,    0) (   0,    0) (   0,    0)
          (   0,    0) (   0,    0) (   0,    0) (   0,    0) (   0,    0) (   0,    0) (   0,    0) (   0,    0) (   0,    0) (   0,    0)
          (   0,    0) (   0,    0) (   0,    0) (   0,    0) (   0,    0) (   0,    0) (   0,    0) (   0,    0) (   0,    0) (   0,    0)
          (   0,    0) (   0,    0) (   0,    0) (   0,    0) (   0,    0) (   0,    0) (   0,    0) (   0,    0) (   0,    0) (   0,    0)
          (   0,    0) (   0,    0) (   0,    0) (   0,    0) (   0,    0) (   0,    0) (   0,    0) (   0,    0) (   0,    0) (   0,    0)
          (   0,    0) (   0,    0) (   0,    0) (   0,    0) (   0,    0) (   0,    0) (   0,    0) (   0,    0) (   0,    0) (   0,    0)
          (   0,    0) (   0,    0) (   0,    0) (   0,    0) (   0,    0) (   0,    0) (   0,    0) (   0,    0) (   0,    0) (   0,    0)
          (   0,    0) (   0,    0) (   0,    0) (   0,    0) (   0,    0) (   0,    0) (   0,    0) (   0,    0) (   0,    0) (   0,    0)
          (   0,    0) (   0,    0) (   0,    0) (   0,    0) (   0,    0) (   0,    0) (   0,    0) (   0,    0) (   0,    0) (   0,    0)
          (   0,    0) (   0,    0) (   0,    0) (   0,    0) (   0,    0) (   0,    0) (   0,    0) (   0,    0) (   0,    0) (   0,    0)
          (   0,    0) (   0,    0) (   0,    0) (   0,    0) (   0,    0) (   0,    0) (   0,    0) (   0,    0) (   0,    0) (   0,    0)
          (   0,    0) (   0,    0) (   0,    0) (   0,    0) (   0,    0) (   0,    0) (   0,    0) (   0,    0) (   0,    0) (   0,    0)
          (   0,    0) (   0,    0) (   0,    0) (   0,    0) (   0,    0) (   0,    0) (   0,    0) (   0,    0) (   0,    0) (   0,    0)
          (   0,    0) (   0,    0) (   0,    0) (   0,    0) (   0,    0) (   0,    0) (   0,    0) (   0,    0) (   0,    0) (   0,    0)
          (   0,    0) (   0,    0) (   0,    0) (   0,    0) (   0,    0) (   0,    0) (   0,    0) (   0,    0) (   0,    0) (   0,    0)
          (   0,    0) (   0,    0) (   0,    0) (   0,    0) (   0,    0) (   0,    0) (   0,    0) (   0,    0) (   0,    0) (   0,    0)
          (   0,    0) (   0,    0) (   0,    0) (   0,    0) (   0,    0) (   0,    0) (   0,    0) (   0,    0) (   0,    0) (   0,    0)
          (   0,    0) (   0,    0) (   0,    0) (   0,    0) (   0,    0) (   0,    0) (   0,    0) (   0,    0) (   0,    0) (   0,    0)
          (   0,    0) (   0,    0) (   0,    0) (   0,    0) (   0,    0) (   0,    0) (   0,    0) (   0,    0) (   0,    0) (   0,    0)
          (   0,    0) (   0,    0) (   0,    0) (   0,    0) (   0,    0) (   0,    0) (   0,    0) (   0,    0) (   0,    0) (   0,    0)
          (   0,    0) (   0,    0) (   0,    0) (   0,    0) (   0,    0) (   0,    0) (   0,    0) (   0,    0) (   0,    0) (   0,    0)
          (   0,    0) (   0,    0) (   0,    0) (   0,    0) (   0,    0) (   0,    0) (   0,    0) (   0,    0) (   0,    0) (   0,    0)
          (   0,    0) (   0,    0) (   0,    0) (   0,    0) (   0,    0) (   0,    0) (   0,    0) (   0,    0) (   0,    0) (   0,    0)
          (   0,    0) (   0,    0) (   0,    0) (   0,    0) (   0,    0) (   0,    0) (   0,    0) (   0,    0) (   0,    0) (   0,    0)
          (   0,    0) (   0,    0) (   0,    0) (   0,    0) (   0,    0) (   0,    0) (   0,    0) (   0,    0) (   0,    0) (   0,    0)
          (   0,    0) (   0,    0) (   0,    0) (   0,    0) (   0,    0) (   0,    0) (   0,    0) (   0,    0) (   0,    0) (   0,    0)
          (   0,    0) (   0,    0) (   0,    0) (   0,    0) (   0,    0) (   0,    0) (   0,    0) (   0,    0) (   0,    0) (   0,    0)
          (   0,    0) (   0,    0) (   0,    0) (   0,    0) (   0,    0) (   0,    0) (   0,    0) (   0,    0) (   0,    0) (   0,    0)
          (   0,    0) (   0,    0) (   0,    0) (   0,    0) (   0,    0) (   0,    0) (   0,    0) (   0,    0) (   0,    0) (   0,    0)
          (   0,    0) (   0,    0) (   0,    0) (   0,    0) (   0,    0) (   0,    0) (   0,    0) (   0,    0) (   0,    0) (   0,    0)
          (   0,    0) (   0,    0) (   0,    0) (   0,    0) (   0,    0) (   0,    0) (   0,    0) (   0,    0) (   0,    0) (   0,    0)
          (   0,    0) (   0,    0) (   0,    0) (   0,    0) (   0,    0) (   0,    0) (   0,    0) (   0,    0) (   0,    0) (   0,    0)
          (   0,    0) (   0,    0) (   0,    0) (   0,    0) (   0,    0) (   0,    0) (   0,    0) (   0,    0) (   0,    0) (   0,    0)
          (   0,    0) (   0,    0) (   0,    0) (   0,    0) (   0,    0) (   0,    0) (   0,    0) (   0,    0) (   0,    0) (   0,    0)
         
node  10 sent_total     98  recv_total     70

